 data_12_14_2_50/N_atom130E+12_Vexp550E+02_Vemit550E+02_tauD000E+00_Vran550E+02 
                      
 Start
 set_grid_done
 set_clumps_done
 Done
 TIME :   0.700297564268112       sec
          50 %         155   3.49180477112532     
 	 100 %         148   6.25461883842945     
 Time :   6.48423301428556     
 data_12_14_2_50/N_atom200E+12_Vexp550E+02_Vemit550E+02_tauD000E+00_Vran550E+02 
                      
 Start
 set_grid_done
 set_clumps_done
 Done
 TIME :   0.707354635000229       sec
          50 %          95   3.51546023041010     
 	 100 %         140   6.28262372314930     
 Time :   6.48733483254910     
 data_12_14_2_50/N_atom320E+12_Vexp550E+02_Vemit550E+02_tauD000E+00_Vran550E+02 
                      
 Start
 set_grid_done
 set_clumps_done
 Done
 TIME :   0.708762086927891       sec
          50 %          63   3.52593246102333     
 	 100 %         140   6.28434700518847     
 Time :   6.48906572908163     
 data_12_14_2_50/N_atom500E+12_Vexp550E+02_Vemit550E+02_tauD000E+00_Vran550E+02 
                      
 Start
 set_grid_done
 set_clumps_done
 Done
 TIME :   0.726893112063408       sec
          50 %          24   3.56766454875469     
 	 100 %         150   6.36121914535761     
 Time :   6.56986034661531     
 data_12_14_2_50/N_atom790E+12_Vexp550E+02_Vemit550E+02_tauD000E+00_Vran550E+02 
                      
 Start
 set_grid_done
 set_clumps_done
 Done
 TIME :   0.759100243449211       sec
          50 %         153   3.59274744242430     
 	 100 %         149   6.39672731608152     
 Time :   6.60649280250072     
 data_12_14_2_50/N_atom130E+13_Vexp550E+02_Vemit550E+02_tauD000E+00_Vran550E+02 
                      
 Start
 set_grid_done
 set_clumps_done
 Done
 TIME :   0.758724570274353       sec
          50 %          98   3.60578879714012     
 	 100 %         114   6.40785036236048     
 Time :   6.61392717063427     
 data_12_14_2_50/N_atom200E+13_Vexp550E+02_Vemit550E+02_tauD000E+00_Vran550E+02 
                      
 Start
 set_grid_done
 set_clumps_done
 Done
 TIME :   0.759253926575184       sec
          50 %          62   3.60684023052454     
 	 100 %         111   6.40839740633965     
 Time :   6.61374235153198     
 data_12_14_2_50/N_atom320E+13_Vexp550E+02_Vemit550E+02_tauD000E+00_Vran550E+02 
                      
 Start
 set_grid_done
 set_clumps_done
 Done
 TIME :   0.758767530322075       sec
          50 %           5   3.60420853644609     
 	 100 %          73   6.40458292514086     
 Time :   6.60860272496939     
 data_12_14_2_50/N_atom500E+13_Vexp550E+02_Vemit550E+02_tauD000E+00_Vran550E+02 
                      
 Start
 set_grid_done
 set_clumps_done
 Done
 TIME :   0.757165804505348       sec
          50 %         149   3.59887930750847     
 	 100 %         112   6.41507526487112     
 Time :   6.68215275555849     
 data_12_14_2_50/N_atom790E+13_Vexp550E+02_Vemit550E+02_tauD000E+00_Vran550E+02 
                      
 Start
 set_grid_done
 set_clumps_done
 Done
 TIME :   0.759997084736824       sec
          50 %          27   3.60608482360840     
 	 100 %         154   6.41075800359249     
 Time :   6.62433427572250     
 data_12_14_2_50/N_atom130E+14_Vexp550E+02_Vemit550E+02_tauD000E+00_Vran550E+02 
                      
 Start
 set_grid_done
 set_clumps_done
 Done
 TIME :   0.758856758475304       sec
          50 %          42   3.60686559975147     
 	 100 %          27   6.41281705349684     
 Time :   6.62018135935068     
 data_12_14_2_50/N_atom200E+14_Vexp550E+02_Vemit550E+02_tauD000E+00_Vran550E+02 
                      
 Start
 set_grid_done
 set_clumps_done
 Done
 TIME :   0.759143456816673       sec
          50 %           1   3.61674427986145     
 	 100 %          49   6.42289585620165     
 Time :   6.63056581467390     
 data_12_14_2_50/N_atom320E+14_Vexp550E+02_Vemit550E+02_tauD000E+00_Vran550E+02 
                      
 Start
 set_grid_done
 set_clumps_done
 Done
 TIME :   0.760580427944660       sec
          50 %         119   3.61752138286829     
 	 100 %          28   6.43220869451761     
 Time :   6.64058656245470     
 data_12_14_2_50/N_atom500E+14_Vexp550E+02_Vemit550E+02_tauD000E+00_Vran550E+02 
                      
 Start
 set_grid_done
 set_clumps_done
 Done
 TIME :   0.759069055318832       sec
          50 %          64   3.61315622180700     
 	 100 %          12   6.49290952831507     
 Time :   6.75649811327457     
 data_12_14_2_50/N_atom790E+14_Vexp550E+02_Vemit550E+02_tauD000E+00_Vran550E+02 
                      
 Start
 set_grid_done
 set_clumps_done
 Done
 TIME :   0.758756116032600       sec
          50 %           3   3.59275370836258     
 	 100 %         100   6.40467205643654     
 Time :   6.60964690148830     
 data_12_14_2_50/N_atom130E+12_Vexp650E+02_Vemit550E+02_tauD000E+00_Vran550E+02 
                      
 Start
 set_grid_done
 set_clumps_done
 Done
 TIME :   0.761513091623783       sec
          50 %          76   3.61019575595856     
 	 100 %          51   6.41771263629198     
 Time :   6.62468931823969     
 data_12_14_2_50/N_atom200E+12_Vexp650E+02_Vemit550E+02_tauD000E+00_Vran550E+02 
                      
 Start
 set_grid_done
 set_clumps_done
 Done
 TIME :   0.759512543678284       sec
          50 %          81   3.60344869643450     
 	 100 %         149   6.40678079426289     
 Time :   6.61427067220211     
 data_12_14_2_50/N_atom320E+12_Vexp650E+02_Vemit550E+02_tauD000E+00_Vran550E+02 
                      
 Start
 set_grid_done
 set_clumps_done
 Done
 TIME :   0.760586209595203       sec
          50 %          19   3.60856057703495     
 	 100 %          10   6.42774214595556     
 Time :   6.70053520053625     
 data_12_14_2_50/N_atom500E+12_Vexp650E+02_Vemit550E+02_tauD000E+00_Vran550E+02 
                      
 Start
 set_grid_done
 set_clumps_done
 Done
 TIME :   0.763999670743942       sec
          50 %          62   3.60156669467688     
 	 100 %          72   6.40168245881796     
 Time :   6.60591966658831     
 data_12_14_2_50/N_atom790E+12_Vexp650E+02_Vemit550E+02_tauD000E+00_Vran550E+02 
                      
 Start
 set_grid_done
 set_clumps_done
 Done
 TIME :   0.759164333343506       sec
          50 %          19   3.59873980283737     
 	 100 %         137   6.39911928772926     
 Time :   6.61177738755941     
 data_12_14_2_50/N_atom130E+13_Vexp650E+02_Vemit550E+02_tauD000E+00_Vran550E+02 
                      
 Start
 set_grid_done
 set_clumps_done
 Done
 TIME :   0.759333066642284       sec
          50 %          16   3.60729323327541     
 	 100 %         145   6.40810507535934     
 Time :   6.61454946547747     
 data_12_14_2_50/N_atom200E+13_Vexp650E+02_Vemit550E+02_tauD000E+00_Vran550E+02 
                      
 Start
 set_grid_done
 set_clumps_done
 Done
 TIME :   0.762464784085751       sec
          50 %          61   3.60879286378622     
 	 100 %          64   6.41317797452211     
 Time :   6.62004423141479     
 data_12_14_2_50/N_atom320E+13_Vexp650E+02_Vemit550E+02_tauD000E+00_Vran550E+02 
                      
 Start
 set_grid_done
 set_clumps_done
 Done
 TIME :   0.760407879948616       sec
          50 %          11   3.60853010416031     
 	 100 %         154   6.41405405104160     
 Time :   6.62086492776871     
 data_12_14_2_50/N_atom500E+13_Vexp650E+02_Vemit550E+02_tauD000E+00_Vran550E+02 
                      
 Start
 set_grid_done
 set_clumps_done
 Done
 TIME :   0.760203853249550       sec
          50 %          69   3.60475538671017     
 	 100 %          62   6.40110141038895     
 Time :   6.60820634663105     
 data_12_14_2_50/N_atom790E+13_Vexp650E+02_Vemit550E+02_tauD000E+00_Vran550E+02 
                      
 Start
 set_grid_done
 set_clumps_done
 Done
 TIME :   0.762510925531387       sec
          50 %          43   3.60582413524389     
 	 100 %         105   6.40845038741827     
 Time :   6.61471883952618     
 data_12_14_2_50/N_atom130E+14_Vexp650E+02_Vemit550E+02_tauD000E+00_Vran550E+02 
                      
 Start
 set_grid_done
 set_clumps_done
 Done
 TIME :   0.760147459805012       sec
          50 %         101   3.61957622319460     
 	 100 %          90   6.43188253045082     
 Time :   6.63667797297239     
 data_12_14_2_50/N_atom200E+14_Vexp650E+02_Vemit550E+02_tauD000E+00_Vran550E+02 
                      
 Start
 set_grid_done
 set_clumps_done
 Done
 TIME :   0.759571552276611       sec
          50 %           5   3.61790486425161     
 	 100 %         116   6.43954753875732     
 Time :   6.76720760762691     
 data_12_14_2_50/N_atom320E+14_Vexp650E+02_Vemit550E+02_tauD000E+00_Vran550E+02 
                      
 Start
 set_grid_done
 set_clumps_done
 Done
 TIME :   0.767905384302139       sec
          50 %          10   3.61971584707499     
 	 100 %          80   6.43036761879921     
 Time :   6.63976527005434     
 data_12_14_2_50/N_atom500E+14_Vexp650E+02_Vemit550E+02_tauD000E+00_Vran550E+02 
                      
 Start
 set_grid_done
 set_clumps_done
 Done
 TIME :   0.760385371744633       sec
          50 %          16   3.61528657376766     
 	 100 %         148   6.42897842079401     
 Time :   6.63704431056976     
 data_12_14_2_50/N_atom790E+14_Vexp650E+02_Vemit550E+02_tauD000E+00_Vran550E+02 
                      
 Start
 set_grid_done
 set_clumps_done
 Done
 TIME :   0.759864285588264       sec
          50 %         115   3.62210591882467     
 	 100 %         154   6.43943702429533     
 Time :   6.64325710386038     
 data_12_14_2_50/N_atom130E+12_Vexp750E+02_Vemit550E+02_tauD000E+00_Vran550E+02 
                      
 Start
 set_grid_done
 set_clumps_done
 Done
 TIME :   0.765478774905205       sec
          50 %          95   3.60490685701370     
 	 100 %          64   6.40466973185539     
 Time :   6.61352283507586     
 data_12_14_2_50/N_atom200E+12_Vexp750E+02_Vemit550E+02_tauD000E+00_Vran550E+02 
                      
 Start
 set_grid_done
 set_clumps_done
 Done
 TIME :   0.761090211570263       sec
          50 %          46   3.62039057910442     
 	 100 %          65   6.43795532733202     
 Time :   6.64374453574419     
 data_12_14_2_50/N_atom320E+12_Vexp750E+02_Vemit550E+02_tauD000E+00_Vran550E+02 
                      
 Start
 set_grid_done
 set_clumps_done
 Done
 TIME :   0.761365912854671       sec
          50 %          18   3.60328774154186     
 	 100 %          74   6.39984027296305     
 Time :   6.60479920357466     
 data_12_14_2_50/N_atom500E+12_Vexp750E+02_Vemit550E+02_tauD000E+00_Vran550E+02 
                      
 Start
 set_grid_done
 set_clumps_done
 Done
 TIME :   0.759569734334946       sec
          50 %         147   3.61555006355047     
 	 100 %         152   6.42082143574953     
 Time :   6.62717229127884     
 data_12_14_2_50/N_atom790E+12_Vexp750E+02_Vemit550E+02_tauD000E+00_Vran550E+02 
                      
 Start
 set_grid_done
 set_clumps_done
 Done
 TIME :   0.760179728269577       sec
          50 %         110   3.60471400618553     
 	 100 %         144   6.40522488206625     
 Time :   6.60904198884964     
 data_12_14_2_50/N_atom130E+13_Vexp750E+02_Vemit550E+02_tauD000E+00_Vran550E+02 
                      
 Start
 set_grid_done
 set_clumps_done
 Done
 TIME :   0.760104797780514       sec
          50 %          51   3.61324173957109     
 	 100 %          31   6.42729861289263     
 Time :   6.76165316253901     
 data_12_14_2_50/N_atom200E+13_Vexp750E+02_Vemit550E+02_tauD000E+00_Vran550E+02 
                      
 Start
 set_grid_done
 set_clumps_done
 Done
 TIME :   0.763451531529427       sec
          50 %         105   3.61054177582264     
 	 100 %         109   6.41534610092640     
 Time :   6.62289275974035     
 data_12_14_2_50/N_atom320E+13_Vexp750E+02_Vemit550E+02_tauD000E+00_Vran550E+02 
                      
 Start
 set_grid_done
 set_clumps_done
 Done
 TIME :   0.760432541370392       sec
          50 %           4   3.60677220672369     
 	 100 %         157   6.40803831815720     
 Time :   6.61635882407427     
 data_12_14_2_50/N_atom500E+13_Vexp750E+02_Vemit550E+02_tauD000E+00_Vran550E+02 
                      
 Start
 set_grid_done
 set_clumps_done
 Done
 TIME :   0.760104432702065       sec
          50 %          56   3.61238981038332     
 	 100 %         111   6.41957404464483     
 Time :   6.62604740262032     
 data_12_14_2_50/N_atom790E+13_Vexp750E+02_Vemit550E+02_tauD000E+00_Vran550E+02 
                      
 Start
 set_grid_done
 set_clumps_done
 Done
 TIME :   0.759440921247005       sec
          50 %          53   3.60807485133410     
 	 100 %           2   6.41293743252754     
 Time :   6.62468097358942     
 data_12_14_2_50/N_atom130E+14_Vexp750E+02_Vemit550E+02_tauD000E+00_Vran550E+02 
                      
 Start
 set_grid_done
 set_clumps_done
 Done
 TIME :   0.763027414679527       sec
          50 %          11   3.62439573556185     
 	 100 %         119   6.44560741633177     
 Time :   6.65629877895117     
 data_12_14_2_50/N_atom200E+14_Vexp750E+02_Vemit550E+02_tauD000E+00_Vran550E+02 
                      
 Start
 set_grid_done
 set_clumps_done
 Done
 TIME :   0.808352626860142       sec
          50 %          28   3.65664228051901     
 	 100 %         127   6.47199107706547     
 Time :   6.67661574482918     
 data_12_14_2_50/N_atom320E+14_Vexp750E+02_Vemit550E+02_tauD000E+00_Vran550E+02 
                      
 Start
 set_grid_done
 set_clumps_done
 Done
 TIME :   0.759409666061401       sec
          50 %          32   3.61988564580679     
 	 100 %          68   6.43522039055824     
 Time :   6.64169972389936     
 data_12_14_2_50/N_atom500E+14_Vexp750E+02_Vemit550E+02_tauD000E+00_Vran550E+02 
                      
 Start
 set_grid_done
 set_clumps_done
 Done
 TIME :   0.762874223291874       sec
          50 %         121   3.62158697843552     
 	 100 %          72   6.43759237229824     
 Time :   6.64067754894495     
 data_12_14_2_50/N_atom790E+14_Vexp750E+02_Vemit550E+02_tauD000E+00_Vran550E+02 
                      
 Start
 set_grid_done
 set_clumps_done
 Done
 TIME :   0.759539358317852       sec
          50 %          42   3.62244006246328     
 	 100 %          37   6.45674578100443     
 Time :   6.80018719285727     
 data_12_14_2_50/N_atom130E+12_Vexp850E+02_Vemit550E+02_tauD000E+00_Vran550E+02 
                      
 Start
 set_grid_done
 set_clumps_done
 Done
 TIME :   0.768526382744312       sec
          50 %         111   3.62514515966177     
 	 100 %         108   6.43616072088480     
 Time :   6.64243683218956     
 data_12_14_2_50/N_atom200E+12_Vexp850E+02_Vemit550E+02_tauD000E+00_Vran550E+02 
                      
 Start
 set_grid_done
 set_clumps_done
 Done
 TIME :   0.761402279138565       sec
          50 %         150   3.61356525868177     
 	 100 %         108   6.42322392761707     
 Time :   6.63134419918060     
 data_12_14_2_50/N_atom320E+12_Vexp850E+02_Vemit550E+02_tauD000E+00_Vran550E+02 
                      
 Start
 set_grid_done
 set_clumps_done
 Done
 TIME :   0.753068849444389       sec
          50 %         131   3.61174982786179     
 	 100 %         155   6.41738425195217     
 Time :   6.62254852801561     
 data_12_14_2_50/N_atom500E+12_Vexp850E+02_Vemit550E+02_tauD000E+00_Vran550E+02 
                      
 Start
 set_grid_done
 set_clumps_done
 Done
 TIME :   0.762322783470154       sec
          50 %          64   3.60605096071959     
 	 100 %          62   6.40778549015522     
 Time :   6.61068026721478     
 data_12_14_2_50/N_atom790E+12_Vexp850E+02_Vemit550E+02_tauD000E+00_Vran550E+02 
                      
 Start
 set_grid_done
 set_clumps_done
 Done
 TIME :   0.760611973702908       sec
          50 %         125   3.60257708281279     
 	 100 %         149   6.40383981168270     
 Time :   6.60836986452341     
 data_12_14_2_50/N_atom130E+13_Vexp850E+02_Vemit550E+02_tauD000E+00_Vran550E+02 
                      
 Start
 set_grid_done
 set_clumps_done
 Done
 TIME :   0.761724449694157       sec
          50 %          32   3.60731580108404     
 	 100 %         148   6.40673934668303     
 Time :   6.61026526242495     
 data_12_14_2_50/N_atom200E+13_Vexp850E+02_Vemit550E+02_tauD000E+00_Vran550E+02 
                      
 Start
 set_grid_done
 set_clumps_done
 Done
 TIME :   0.761297024786472       sec
          50 %          57   3.61610900610685     
 	 100 %          79   6.42635381221771     
 Time :   6.62907198071480     
 data_12_14_2_50/N_atom320E+13_Vexp850E+02_Vemit550E+02_tauD000E+00_Vran550E+02 
                      
 Start
 set_grid_done
 set_clumps_done
 Done
 TIME :   0.761331029236317       sec
          50 %         100   3.60625404119492     
 	 100 %           2   6.40599063038826     
 Time :   6.60882946848869     
 data_12_14_2_50/N_atom500E+13_Vexp850E+02_Vemit550E+02_tauD000E+00_Vran550E+02 
                      
 Start
 set_grid_done
 set_clumps_done
 Done
 TIME :   0.760882131755352       sec
          50 %          93   3.61476662755013     
 	 100 %         152   6.42322070896626     
 Time :   6.78594910353422     
 data_12_14_2_50/N_atom790E+13_Vexp850E+02_Vemit550E+02_tauD000E+00_Vran550E+02 
                      
 Start
 set_grid_done
 set_clumps_done
 Done
 TIME :   0.762859530746937       sec
          50 %          19   3.62188837677240     
 	 100 %          52   6.43350385874510     
 Time :   6.64208210259676     
 data_12_14_2_50/N_atom130E+14_Vexp850E+02_Vemit550E+02_tauD000E+00_Vran550E+02 
                      
 Start
 set_grid_done
 set_clumps_done
 Done
 TIME :   0.761442489922047       sec
          50 %          67   3.60584066063166     
 	 100 %         100   6.40979219973087     
 Time :   6.61070469766855     
 data_12_14_2_50/N_atom200E+14_Vexp850E+02_Vemit550E+02_tauD000E+00_Vran550E+02 
                      
 Start
 set_grid_done
 set_clumps_done
 Done
 TIME :   0.760305576026440       sec
          50 %         101   3.60896694660187     
 	 100 %         153   6.41713852435350     
 Time :   6.62106408923864     
 data_12_14_2_50/N_atom320E+14_Vexp850E+02_Vemit550E+02_tauD000E+00_Vran550E+02 
                      
 Start
 set_grid_done
 set_clumps_done
 Done
 TIME :   0.760333232581615       sec
          50 %         117   3.61544685810804     
 	 100 %         154   6.42630209773779     
 Time :   6.62918540090322     
 data_12_14_2_50/N_atom500E+14_Vexp850E+02_Vemit550E+02_tauD000E+00_Vran550E+02 
                      
 Start
 set_grid_done
 set_clumps_done
 Done
 TIME :   0.761170424520969       sec
          50 %         100   3.61524911969900     
 	 100 %         158   6.42426890879869     
 Time :   6.63091233372688     
 data_12_14_2_50/N_atom790E+14_Vexp850E+02_Vemit550E+02_tauD000E+00_Vran550E+02 
                      
 Start
 set_grid_done
 set_clumps_done
 Done
 TIME :   0.760069616138935       sec
          50 %         121   3.62776477634907     
 	 100 %          76   6.45241215080023     
 Time :   6.65400546044111     
 data_12_14_2_50/N_atom130E+12_Vexp950E+02_Vemit550E+02_tauD000E+00_Vran550E+02 
                      
 Start
 set_grid_done
 set_clumps_done
 Done
 TIME :   0.760220296680927       sec
          50 %          28   3.60639798641205     
 	 100 %         126   6.40746930241585     
 Time :   6.60911276191473     
 data_12_14_2_50/N_atom200E+12_Vexp950E+02_Vemit550E+02_tauD000E+00_Vran550E+02 
                      
 Start
 set_grid_done
 set_clumps_done
 Done
 TIME :   0.760431364178658       sec
          50 %          93   3.60541199147701     
 	 100 %         129   6.40700184553862     
 Time :   6.60979793965816     
 data_12_14_2_50/N_atom320E+12_Vexp950E+02_Vemit550E+02_tauD000E+00_Vran550E+02 
                      
 Start
 set_grid_done
 set_clumps_done
 Done
 TIME :   0.760860368609428       sec
          50 %          15   3.61227329820395     
 	 100 %         151   6.41838230937719     
 Time :   6.74408297985792     
 data_12_14_2_50/N_atom500E+12_Vexp950E+02_Vemit550E+02_tauD000E+00_Vran550E+02 
                      
 Start
 set_grid_done
 set_clumps_done
 Done
 TIME :   0.762921549379826       sec
          50 %          39   3.61391792446375     
 	 100 %         151   6.42274463176727     
 Time :   6.62691644579172     
 data_12_14_2_50/N_atom790E+12_Vexp950E+02_Vemit550E+02_tauD000E+00_Vran550E+02 
                      
 Start
 set_grid_done
 set_clumps_done
 Done
 TIME :   0.760718479752541       sec
          50 %          52   3.60446047037840     
 	 100 %         151   6.40529601275921     
 Time :   6.60644931346178     
 data_12_14_2_50/N_atom130E+13_Vexp950E+02_Vemit550E+02_tauD000E+00_Vran550E+02 
                      
 Start
 set_grid_done
 set_clumps_done
 Done
 TIME :   0.759575530886650       sec
          50 %          31   3.61501436680555     
 	 100 %         126   6.42329416424036     
 Time :   6.63062839210033     
 data_12_14_2_50/N_atom200E+13_Vexp950E+02_Vemit550E+02_tauD000E+00_Vran550E+02 
                      
 Start
 set_grid_done
 set_clumps_done
 Done
 TIME :   0.759079240262508       sec
          50 %         128   3.58725888282061     
 	 100 %         103   6.38853020966053     
 Time :   6.59543234854937     
 data_12_14_2_50/N_atom320E+13_Vexp950E+02_Vemit550E+02_tauD000E+00_Vran550E+02 
                      
 Start
 set_grid_done
 set_clumps_done
 Done
 TIME :   0.759255252778530       sec
          50 %          38   3.60374059528112     
 	 100 %          91   6.40693631768227     
 Time :   6.61249154061079     
 data_12_14_2_50/N_atom500E+13_Vexp950E+02_Vemit550E+02_tauD000E+00_Vran550E+02 
                      
 Start
 set_grid_done
 set_clumps_done
 Done
 TIME :   0.759341418743134       sec
          50 %          11   3.60990764945745     
 	 100 %          72   6.42046024650335     
 Time :   6.62439022213221     
 data_12_14_2_50/N_atom790E+13_Vexp950E+02_Vemit550E+02_tauD000E+00_Vran550E+02 
                      
 Start
 set_grid_done
 set_clumps_done
 Done
 TIME :   0.759563304483891       sec
          50 %         159   3.60988760739565     
 	 100 %         108   6.41572956740856     
 Time :   6.62022206187248     
 data_12_14_2_50/N_atom130E+14_Vexp950E+02_Vemit550E+02_tauD000E+00_Vran550E+02 
                      
 Start
 set_grid_done
 set_clumps_done
 Done
 TIME :   0.759213432669640       sec
          50 %          22   3.60633381456137     
 	 100 %         149   6.40961921215057     
 Time :   6.61391590535641     
 data_12_14_2_50/N_atom200E+14_Vexp950E+02_Vemit550E+02_tauD000E+00_Vran550E+02 
                      
 Start
 set_grid_done
 set_clumps_done
 Done
 TIME :   0.758703142404556       sec
          50 %          27   3.62512547522783     
 	 100 %         114   6.44413828849792     
 Time :   6.64714505523443     
 data_12_14_2_50/N_atom320E+14_Vexp950E+02_Vemit550E+02_tauD000E+00_Vran550E+02 
                      
 Start
 set_grid_done
 set_clumps_done
 Done
 TIME :   0.857447989284992       sec
          50 %         101   3.70760959386826     
 	 100 %         144   6.51288470625877     
 Time :   6.71758771687746     
 data_12_14_2_50/N_atom500E+14_Vexp950E+02_Vemit550E+02_tauD000E+00_Vran550E+02 
                      
 Start
 set_grid_done
 set_clumps_done
 Done
 TIME :   0.758752785623074       sec
          50 %          39   3.61960953474045     
 	 100 %          39   6.43640900403261     
 Time :   6.64073719829321     
 data_12_14_2_50/N_atom790E+14_Vexp950E+02_Vemit550E+02_tauD000E+00_Vran550E+02 
                      
 Start
 set_grid_done
 set_clumps_done
 Done
 TIME :   0.761048808693886       sec
          50 %          31   3.61803343892097     
 	 100 %         141   6.42843471467495     
 Time :   6.63418700546026     
 data_12_14_2_50/N_atom130E+12_Vexp550E+02_Vemit550E+02_tauD000E+00_Vran650E+02 
                      
 Start
 set_grid_done
 set_clumps_done
 Done
 TIME :   0.757632195949554       sec
          50 %          57   3.61549823731184     
 	 100 %         100   6.42289841175079     
 Time :   6.62436323612928     
 data_12_14_2_50/N_atom200E+12_Vexp550E+02_Vemit550E+02_tauD000E+00_Vran650E+02 
                      
 Start
 set_grid_done
 set_clumps_done
 Done
 TIME :   0.760521806776524       sec
          50 %         146   3.61518491804600     
 	 100 %         100   6.42928528785706     
 Time :   6.63314688950777     
 data_12_14_2_50/N_atom320E+12_Vexp550E+02_Vemit550E+02_tauD000E+00_Vran650E+02 
                      
 Start
 set_grid_done
 set_clumps_done
 Done
 TIME :   0.758345067501068       sec
          50 %          14   3.60200714319944     
 	 100 %         140   6.40129075199366     
 Time :   6.60257244855165     
 data_12_14_2_50/N_atom500E+12_Vexp550E+02_Vemit550E+02_tauD000E+00_Vran650E+02 
                      
 Start
 set_grid_done
 set_clumps_done
 Done
 TIME :   0.759003035724163       sec
          50 %          41   3.60803198814392     
 	 100 %          73   6.41227987408638     
 Time :   6.62361177057028     
 data_12_14_2_50/N_atom790E+12_Vexp550E+02_Vemit550E+02_tauD000E+00_Vran650E+02 
                      
 Start
 set_grid_done
 set_clumps_done
 Done
 TIME :   0.758251883089542       sec
          50 %         153   3.60638456791639     
 	 100 %         147   6.41457848250866     
 Time :   6.61621923744678     
 data_12_14_2_50/N_atom130E+13_Vexp550E+02_Vemit550E+02_tauD000E+00_Vran650E+02 
                      
 Start
 set_grid_done
 set_clumps_done
 Done
 TIME :   0.763099558651447       sec
          50 %          71   3.61488881707191     
 	 100 %         106   6.42466774582863     
 Time :   6.62963391840458     
 data_12_14_2_50/N_atom200E+13_Vexp550E+02_Vemit550E+02_tauD000E+00_Vran650E+02 
                      
 Start
 set_grid_done
 set_clumps_done
 Done
 TIME :   0.831425875425339       sec
          50 %         103   3.67406530678272     
 	 100 %         104   6.47488623857498     
 Time :   6.67813470959663     
 data_12_14_2_50/N_atom320E+13_Vexp550E+02_Vemit550E+02_tauD000E+00_Vran650E+02 
                      
 Start
 set_grid_done
 set_clumps_done
 Done
 TIME :   0.760989531874657       sec
          50 %         141   3.60215673595667     
 	 100 %         116   6.40386846661568     
 Time :   6.60827856510878     
 data_12_14_2_50/N_atom500E+13_Vexp550E+02_Vemit550E+02_tauD000E+00_Vran650E+02 
                      
 Start
 set_grid_done
 set_clumps_done
 Done
 TIME :   0.761798076331615       sec
          50 %         142   3.60924105346203     
 	 100 %          64   6.41601063311100     
 Time :   6.61940508335829     
 data_12_14_2_50/N_atom790E+13_Vexp550E+02_Vemit550E+02_tauD000E+00_Vran650E+02 
                      
 Start
 set_grid_done
 set_clumps_done
 Done
 TIME :   0.757923834025860       sec
          50 %          28   3.61188741773367     
 	 100 %          45   6.41837228089571     
 Time :   6.62120969593525     
 data_12_14_2_50/N_atom130E+14_Vexp550E+02_Vemit550E+02_tauD000E+00_Vran650E+02 
                      
 Start
 set_grid_done
 set_clumps_done
 Done
 TIME :   0.765318080782890       sec
          50 %          82   3.60420624911785     
 	 100 %           3   6.40642907470465     
 Time :   6.61344026774168     
 data_12_14_2_50/N_atom200E+14_Vexp550E+02_Vemit550E+02_tauD000E+00_Vran650E+02 
                      
 Start
 set_grid_done
 set_clumps_done
 Done
 TIME :   0.759836718440056       sec
          50 %          17   3.60757496207952     
 	 100 %         137   6.41227984428406     
 Time :   6.61685777455568     
 data_12_14_2_50/N_atom320E+14_Vexp550E+02_Vemit550E+02_tauD000E+00_Vran650E+02 
                      
 Start
 set_grid_done
 set_clumps_done
 Done
 TIME :   0.758501991629601       sec
          50 %          17   3.60975424200296     
 	 100 %         137   6.42026495188475     
 Time :   6.62219984084368     
 data_12_14_2_50/N_atom500E+14_Vexp550E+02_Vemit550E+02_tauD000E+00_Vran650E+02 
                      
 Start
 set_grid_done
 set_clumps_done
 Done
 TIME :   0.764302052557468       sec
          50 %          96   3.60867031663656     
 	 100 %          83   6.41687968373299     
 Time :   6.61861628293991     
 data_12_14_2_50/N_atom790E+14_Vexp550E+02_Vemit550E+02_tauD000E+00_Vran650E+02 
                      
 Start
 set_grid_done
 set_clumps_done
 Done
 TIME :   0.759766563773155       sec
          50 %           7   3.62031955271959     
 	 100 %         117   6.44451785832644     
 Time :   6.64753156155348     
 data_12_14_2_50/N_atom130E+12_Vexp650E+02_Vemit550E+02_tauD000E+00_Vran650E+02 
                      
 Start
 set_grid_done
 set_clumps_done
 Done
 TIME :   0.778497532010078       sec
          50 %         157   3.62048023194075     
 	 100 %         145   6.41774003952742     
 Time :   6.61951258778572     
 data_12_14_2_50/N_atom200E+12_Vexp650E+02_Vemit550E+02_tauD000E+00_Vran650E+02 
                      
 Start
 set_grid_done
 set_clumps_done
 Done
 TIME :   0.759083092212677       sec
          50 %          79   3.59746725857258     
 	 100 %          79   6.39401198178530     
 Time :   6.59582956135273     
 data_12_14_2_50/N_atom320E+12_Vexp650E+02_Vemit550E+02_tauD000E+00_Vran650E+02 
                      
 Start
 set_grid_done
 set_clumps_done
 Done
 TIME :   0.761145181953907       sec
          50 %         148   3.60099013894796     
 	 100 %          45   6.39580170810223     
 Time :   6.59850323200226     
 data_12_14_2_50/N_atom500E+12_Vexp650E+02_Vemit550E+02_tauD000E+00_Vran650E+02 
                      
 Start
 set_grid_done
 set_clumps_done
 Done
 TIME :   0.759415641427040       sec
          50 %          98   3.61152134090662     
 	 100 %          63   6.42100752145052     
 Time :   6.62661120295525     
 data_12_14_2_50/N_atom790E+12_Vexp650E+02_Vemit550E+02_tauD000E+00_Vran650E+02 
                      
 Start
 set_grid_done
 set_clumps_done
 Done
 TIME :   0.758323594927788       sec
          50 %          14   3.61445165425539     
 	 100 %          73   6.41754008084536     
 Time :   6.62079848349094     
 data_12_14_2_50/N_atom130E+13_Vexp650E+02_Vemit550E+02_tauD000E+00_Vran650E+02 
                      
 Start
 set_grid_done
 set_clumps_done
 Done
 TIME :   0.775400258600712       sec
          50 %           1   3.67233566194773     
 	 100 %         113   6.47295720875263     
 Time :   6.67639420926571     
 data_12_14_2_50/N_atom200E+13_Vexp650E+02_Vemit550E+02_tauD000E+00_Vran650E+02 
                      
 Start
 set_grid_done
 set_clumps_done
 Done
 TIME :   0.758185826241970       sec
          50 %         105   3.60427240282297     
 	 100 %          68   6.40182569622993     
 Time :   6.60703655332327     
 data_12_14_2_50/N_atom320E+13_Vexp650E+02_Vemit550E+02_tauD000E+00_Vran650E+02 
                      
 Start
 set_grid_done
 set_clumps_done
 Done
 TIME :   0.759155862033367       sec
          50 %           1   3.60492990911007     
 	 100 %         102   6.40882852673531     
 Time :   6.61285511404276     
 data_12_14_2_50/N_atom500E+13_Vexp650E+02_Vemit550E+02_tauD000E+00_Vran650E+02 
                      
 Start
 set_grid_done
 set_clumps_done
 Done
 TIME :   0.759658925235271       sec
          50 %          32   3.60933078825474     
 	 100 %          72   6.41953779011965     
 Time :   6.62419129908085     
 data_12_14_2_50/N_atom790E+13_Vexp650E+02_Vemit550E+02_tauD000E+00_Vran650E+02 
                      
 Start
 set_grid_done
 set_clumps_done
 Done
 TIME :   0.758562847971916       sec
          50 %          90   3.61226055771112     
 	 100 %         144   6.42064168304205     
 Time :   6.62337876856327     
 data_12_14_2_50/N_atom130E+14_Vexp650E+02_Vemit550E+02_tauD000E+00_Vran650E+02 
                      
 Start
 set_grid_done
 set_clumps_done
 Done
 TIME :   0.759917318820953       sec
          50 %          22   3.60835098475218     
 	 100 %          76   6.41580081731081     
 Time :   6.61742059141397     
 data_12_14_2_50/N_atom200E+14_Vexp650E+02_Vemit550E+02_tauD000E+00_Vran650E+02 
                      
 Start
 set_grid_done
 set_clumps_done
 Done
 TIME :   0.758527472615242       sec
          50 %         123   3.60536705702543     
 	 100 %         152   6.40701785683632     
 Time :   6.60700367391109     
 data_12_14_2_50/N_atom320E+14_Vexp650E+02_Vemit550E+02_tauD000E+00_Vran650E+02 
                      
 Start
 set_grid_done
 set_clumps_done
 Done
 TIME :   0.759782299399376       sec
          50 %          73   3.60746910423040     
 	 100 %          49   6.40968106687069     
 Time :   6.61099176853895     
 data_12_14_2_50/N_atom500E+14_Vexp650E+02_Vemit550E+02_tauD000E+00_Vran650E+02 
                      
 Start
 set_grid_done
 set_clumps_done
 Done
 TIME :   0.759537562727928       sec
          50 %          15   3.61164604127407     
 	 100 %          60   6.42168224602938     
 Time :   6.62478507310152     
 data_12_14_2_50/N_atom790E+14_Vexp650E+02_Vemit550E+02_tauD000E+00_Vran650E+02 
                      
 Start
 set_grid_done
 set_clumps_done
 Done
 TIME :   0.759215332567692       sec
          50 %          76   3.61204445362091     
 	 100 %          29   6.42629535496235     
 Time :   6.62813884764910     
 data_12_14_2_50/N_atom130E+12_Vexp750E+02_Vemit550E+02_tauD000E+00_Vran650E+02 
                      
 Start
 set_grid_done
 set_clumps_done
 Done
 TIME :   0.778141401708126       sec
          50 %          27   3.62666969746351     
 	 100 %         116   6.42840548604727     
 Time :   6.63267640769482     
 data_12_14_2_50/N_atom200E+12_Vexp750E+02_Vemit550E+02_tauD000E+00_Vran650E+02 
                      
 Start
 set_grid_done
 set_clumps_done
 Done
 TIME :   0.759372830390930       sec
          50 %         109   3.60497186332941     
 	 100 %          90   6.40420002490282     
 Time :   6.60767815262079     
 data_12_14_2_50/N_atom320E+12_Vexp750E+02_Vemit550E+02_tauD000E+00_Vran650E+02 
                      
 Start
 set_grid_done
 set_clumps_done
 Done
 TIME :   0.759128324687481       sec
          50 %           8   3.60357142984867     
 	 100 %         142   6.40535841137171     
 Time :   6.60904441028833     
 data_12_14_2_50/N_atom500E+12_Vexp750E+02_Vemit550E+02_tauD000E+00_Vran650E+02 
                      
 Start
 set_grid_done
 set_clumps_done
 Done
 TIME :   0.759637609124184       sec
          50 %          67   3.59973587840796     
 	 100 %         150   6.39693050831556     
 Time :   6.59770680218935     
 data_12_14_2_50/N_atom790E+12_Vexp750E+02_Vemit550E+02_tauD000E+00_Vran650E+02 
                      
 Start
 set_grid_done
 set_clumps_done
 Done
 TIME :   0.759266413748264       sec
          50 %          39   3.61219054460526     
 	 100 %         118   6.41986793279648     
 Time :   6.62688858062029     
 data_12_14_2_50/N_atom130E+13_Vexp750E+02_Vemit550E+02_tauD000E+00_Vran650E+02 
                      
 Start
 set_grid_done
 set_clumps_done
 Done
 TIME :   0.758910864591599       sec
          50 %          65   3.60310766100883     
 	 100 %          70   6.40349668264389     
 Time :   6.61012320965528     
 data_12_14_2_50/N_atom200E+13_Vexp750E+02_Vemit550E+02_tauD000E+00_Vran650E+02 
                      
 Start
 set_grid_done
 set_clumps_done
 Done
 TIME :   0.759920783340931       sec
          50 %         108   3.60952346026897     
 	 100 %          96   6.41568677872419     
 Time :   6.61819633841515     
 data_12_14_2_50/N_atom320E+13_Vexp750E+02_Vemit550E+02_tauD000E+00_Vran650E+02 
                      
 Start
 set_grid_done
 set_clumps_done
 Done
 TIME :   0.760168217122555       sec
          50 %          44   3.60670408606529     
 	 100 %         147   6.40799000114202     
 Time :   6.61359153687954     
 data_12_14_2_50/N_atom500E+13_Vexp750E+02_Vemit550E+02_tauD000E+00_Vran650E+02 
                      
 Start
 set_grid_done
 set_clumps_done
 Done
 TIME :   0.760995097458363       sec
          50 %          72   3.60782799124718     
 	 100 %          95   6.40837980806828     
 Time :   6.60939887911081     
 data_12_14_2_50/N_atom790E+13_Vexp750E+02_Vemit550E+02_tauD000E+00_Vran650E+02 
                      
 Start
 set_grid_done
 set_clumps_done
 Done
 TIME :   0.759379468858242       sec
          50 %         130   3.60787969082594     
 	 100 %         104   6.41108781844378     
 Time :   6.61474153399467     
 data_12_14_2_50/N_atom130E+14_Vexp750E+02_Vemit550E+02_tauD000E+00_Vran650E+02 
                      
 Start
 set_grid_done
 set_clumps_done
 Done
 TIME :   0.759407311677933       sec
          50 %         158   3.61063683032990     
 	 100 %          67   6.41607011109591     
 Time :   6.62126539647579     
 data_12_14_2_50/N_atom200E+14_Vexp750E+02_Vemit550E+02_tauD000E+00_Vran650E+02 
                      
 Start
 set_grid_done
 set_clumps_done
 Done
 TIME :   0.759326249361038       sec
          50 %          21   3.60413261502981     
 	 100 %         159   6.40525531023741     
 Time :   6.61045937240124     
 data_12_14_2_50/N_atom320E+14_Vexp750E+02_Vemit550E+02_tauD000E+00_Vran650E+02 
                      
 Start
 set_grid_done
 set_clumps_done
 Done
 TIME :   0.761327818036079       sec
          50 %          17   3.61696061491966     
 	 100 %          90   6.43095621466637     
 Time :   6.63333023339510     
 data_12_14_2_50/N_atom500E+14_Vexp750E+02_Vemit550E+02_tauD000E+00_Vran650E+02 
                      
 Start
 set_grid_done
 set_clumps_done
 Done
 TIME :   0.760693214833736       sec
          50 %          17   3.61922374367714     
 	 100 %         142   6.43464705348015     
 Time :   6.64024557918310     
 data_12_14_2_50/N_atom790E+14_Vexp750E+02_Vemit550E+02_tauD000E+00_Vran650E+02 
                      
 Start
 set_grid_done
 set_clumps_done
 Done
 TIME :   0.764861799776554       sec
          50 %         119   3.62178366631269     
 	 100 %          35   6.43938196450472     
 Time :   6.64300245046616     
 data_12_14_2_50/N_atom130E+12_Vexp850E+02_Vemit550E+02_tauD000E+00_Vran650E+02 
                      
 Start
 set_grid_done
 set_clumps_done
 Done
 TIME :   0.760458536446095       sec
          50 %           1   3.60359929502010     
 	 100 %         104   6.40423556417227     
 Time :   6.60972514003515     
 data_12_14_2_50/N_atom200E+12_Vexp850E+02_Vemit550E+02_tauD000E+00_Vran650E+02 
                      
 Start
 set_grid_done
 set_clumps_done
 Done
 TIME :   0.761131435632706       sec
          50 %          61   3.61302222311497     
 	 100 %         118   6.42651458829641     
 Time :   6.62940066307783     
 data_12_14_2_50/N_atom320E+12_Vexp850E+02_Vemit550E+02_tauD000E+00_Vran650E+02 
                      
 Start
 set_grid_done
 set_clumps_done
 Done
 TIME :   0.778382144868374       sec
          50 %          87   3.63585583865643     
 	 100 %          76   6.44159655272961     
 Time :   6.64436449110508     
 data_12_14_2_50/N_atom500E+12_Vexp850E+02_Vemit550E+02_tauD000E+00_Vran650E+02 
                      
 Start
 set_grid_done
 set_clumps_done
 Done
 TIME :   0.758671045303345       sec
          50 %          94   3.60673827677965     
 	 100 %          74   6.41249902546406     
 Time :   6.61447153985500     
 data_12_14_2_50/N_atom790E+12_Vexp850E+02_Vemit550E+02_tauD000E+00_Vran650E+02 
                      
 Start
 set_grid_done
 set_clumps_done
 Done
 TIME :   0.760623298585415       sec
          50 %         107   3.60311451554298     
 	 100 %         101   6.40352168679237     
 Time :   6.60635840892792     
 data_12_14_2_50/N_atom130E+13_Vexp850E+02_Vemit550E+02_tauD000E+00_Vran650E+02 
                      
 Start
 set_grid_done
 set_clumps_done
 Done
 TIME :   0.762418180704117       sec
          50 %          80   3.60541670769453     
 	 100 %          69   6.40849993377924     
 Time :   6.62099787592888     
 data_12_14_2_50/N_atom200E+13_Vexp850E+02_Vemit550E+02_tauD000E+00_Vran650E+02 
                      
 Start
 set_grid_done
 set_clumps_done
 Done
 TIME :   0.760673426091671       sec
          50 %          99   3.60098471492529     
 	 100 %         104   6.40387598425150     
 Time :   6.60714843869209     
 data_12_14_2_50/N_atom320E+13_Vexp850E+02_Vemit550E+02_tauD000E+00_Vran650E+02 
                      
 Start
 set_grid_done
 set_clumps_done
 Done
 TIME :   0.759689413011074       sec
          50 %         146   3.61042043566704     
 	 100 %          95   6.42098928242922     
 Time :   6.63089303672314     
 data_12_14_2_50/N_atom500E+13_Vexp850E+02_Vemit550E+02_tauD000E+00_Vran650E+02 
                      
 Start
 set_grid_done
 set_clumps_done
 Done
 TIME :   0.760588973760605       sec
          50 %          90   3.60196546465158     
 	 100 %         158   6.39994777739048     
 Time :   6.61229382455349     
 data_12_14_2_50/N_atom790E+13_Vexp850E+02_Vemit550E+02_tauD000E+00_Vran650E+02 
                      
 Start
 set_grid_done
 set_clumps_done
 Done
 TIME :   0.759216114878654       sec
          50 %          36   3.60611964017153     
 	 100 %          64   6.41160630434752     
 Time :   6.62507878988981     
 data_12_14_2_50/N_atom130E+14_Vexp850E+02_Vemit550E+02_tauD000E+00_Vran650E+02 
                      
 Start
 set_grid_done
 set_clumps_done
 Done
 TIME :   0.759345106780529       sec
          50 %          20   3.60502339899540     
 	 100 %          23   6.40894891321659     
 Time :   6.61272957175970     
 data_12_14_2_50/N_atom200E+14_Vexp850E+02_Vemit550E+02_tauD000E+00_Vran650E+02 
                      
 Start
 set_grid_done
 set_clumps_done
 Done
 TIME :   0.759291581809521       sec
          50 %           7   3.60974223166704     
 	 100 %         121   6.41241317987442     
 Time :   6.61091335117817     
 data_12_14_2_50/N_atom320E+14_Vexp850E+02_Vemit550E+02_tauD000E+00_Vran650E+02 
                      
 Start
 set_grid_done
 set_clumps_done
 Done
 TIME :   0.761194415390491       sec
          50 %          94   3.61240854859352     
 	 100 %          11   6.42056046426296     
 Time :   6.62423270195723     
 data_12_14_2_50/N_atom500E+14_Vexp850E+02_Vemit550E+02_tauD000E+00_Vran650E+02 
                      
 Start
 set_grid_done
 set_clumps_done
 Done
 TIME :   0.759872719645500       sec
          50 %           1   3.61371285468340     
 	 100 %           2   6.41900158673525     
 Time :   6.62344900518656     
 data_12_14_2_50/N_atom790E+14_Vexp850E+02_Vemit550E+02_tauD000E+00_Vran650E+02 
                      
 Start
 set_grid_done
 set_clumps_done
 Done
 TIME :   0.760776475071907       sec
          50 %          82   3.62320416420698     
 	 100 %          16   6.44200396537781     
 Time :   6.64488849043846     
 data_12_14_2_50/N_atom130E+12_Vexp950E+02_Vemit550E+02_tauD000E+00_Vran650E+02 
                      
 Start
 set_grid_done
 set_clumps_done
 Done
 TIME :   0.758994400501251       sec
          50 %          35   3.60141612589359     
 	 100 %         125   6.40399499237537     
 Time :   6.60579621791840     
 data_12_14_2_50/N_atom200E+12_Vexp950E+02_Vemit550E+02_tauD000E+00_Vran650E+02 
                      
 Start
 set_grid_done
 set_clumps_done
 Done
 TIME :   0.758546322584152       sec
          50 %          70   3.60059605538845     
 	 100 %         109   6.40020266920328     
 Time :   6.60426775366068     
 data_12_14_2_50/N_atom320E+12_Vexp950E+02_Vemit550E+02_tauD000E+00_Vran650E+02 
                      
 Start
 set_grid_done
 set_clumps_done
 Done
 TIME :   0.759575016796589       sec
          50 %          14   3.60509825497866     
 	 100 %         115   6.40719761699438     
 Time :   6.60941207408905     
 data_12_14_2_50/N_atom500E+12_Vexp950E+02_Vemit550E+02_tauD000E+00_Vran650E+02 
                      
 Start
 set_grid_done
 set_clumps_done
 Done
 TIME :   0.759426191449165       sec
          50 %          49   3.60243738442659     
 	 100 %         114   6.40334950387478     
 Time :   6.60769449174404     
 data_12_14_2_50/N_atom790E+12_Vexp950E+02_Vemit550E+02_tauD000E+00_Vran650E+02 
                      
 Start
 set_grid_done
 set_clumps_done
 Done
 TIME :   0.759240098297596       sec
          50 %         121   3.60872029513121     
 	 100 %          34   6.43833976238966     
 Time :   6.71380072087049     
 data_12_14_2_50/N_atom130E+13_Vexp950E+02_Vemit550E+02_tauD000E+00_Vran650E+02 
                      
 Start
 set_grid_done
 set_clumps_done
 Done
 TIME :   0.755181252956390       sec
          50 %          69   3.59697889536619     
 	 100 %          76   6.39746558666229     
 Time :   6.60049052536488     
 data_12_14_2_50/N_atom200E+13_Vexp950E+02_Vemit550E+02_tauD000E+00_Vran650E+02 
                      
 Start
 set_grid_done
 set_clumps_done
 Done
 TIME :   0.759086467325687       sec
          50 %         114   3.60226395726204     
 	 100 %         126   6.40281555801630     
 Time :   6.60820019245148     
 data_12_14_2_50/N_atom320E+13_Vexp950E+02_Vemit550E+02_tauD000E+00_Vran650E+02 
                      
 Start
 set_grid_done
 set_clumps_done
 Done
 TIME :   0.761198669672012       sec
          50 %           5   3.60424516350031     
 	 100 %          97   6.40613244473934     
 Time :   6.60837758332491     
 data_12_14_2_50/N_atom500E+13_Vexp950E+02_Vemit550E+02_tauD000E+00_Vran650E+02 
                      
 Start
 set_grid_done
 set_clumps_done
 Done
 TIME :   0.758708134293556       sec
          50 %         133   3.60661964863539     
 	 100 %         145   6.40606065094471     
 Time :   6.63066987693310     
 data_12_14_2_50/N_atom790E+13_Vexp950E+02_Vemit550E+02_tauD000E+00_Vran650E+02 
                      
 Start
 set_grid_done
 set_clumps_done
 Done
 TIME :   0.753396205604076       sec
          50 %          89   3.59230613708496     
 	 100 %          78   6.39333479851484     
 Time :   6.59745563566685     
 data_12_14_2_50/N_atom130E+14_Vexp950E+02_Vemit550E+02_tauD000E+00_Vran650E+02 
                      
 Start
 set_grid_done
 set_clumps_done
 Done
 TIME :   0.760791122913361       sec
          50 %          16   3.60209414362907     
 	 100 %         124   6.40322159230709     
 Time :   6.60735955834389     
 data_12_14_2_50/N_atom200E+14_Vexp950E+02_Vemit550E+02_tauD000E+00_Vran650E+02 
                      
 Start
 set_grid_done
 set_clumps_done
 Done
 TIME :   0.752495549619198       sec
          50 %          26   3.61978849768639     
 	 100 %         144   6.43229929357767     
 Time :   6.63394017517567     
 data_12_14_2_50/N_atom320E+14_Vexp950E+02_Vemit550E+02_tauD000E+00_Vran650E+02 
                      
 Start
 set_grid_done
 set_clumps_done
 Done
 TIME :   0.760764874517918       sec
          50 %          31   3.60619971901178     
 	 100 %         142   6.40879575163126     
 Time :   6.61274611204863     
 data_12_14_2_50/N_atom500E+14_Vexp950E+02_Vemit550E+02_tauD000E+00_Vran650E+02 
                      
 Start
 set_grid_done
 set_clumps_done
 Done
 TIME :   0.759097248315811       sec
          50 %         104   3.61713673919439     
 	 100 %          67   6.44722567498684     
 Time :   6.73698926717043     
 data_12_14_2_50/N_atom790E+14_Vexp950E+02_Vemit550E+02_tauD000E+00_Vran650E+02 
                      
 Start
 set_grid_done
 set_clumps_done
 Done
 TIME :   0.762312054634094       sec
          50 %          38   3.61864469200373     
 	 100 %         156   6.43359053134918     
 Time :   6.63720007240772     
 data_12_14_2_50/N_atom130E+12_Vexp550E+02_Vemit550E+02_tauD000E+00_Vran750E+02 
                      
 Start
 set_grid_done
 set_clumps_done
 Done
 TIME :   0.759331896901131       sec
          50 %          30   3.60549870133400     
 	 100 %         125   6.40815910696983     
 Time :   6.61098442971706     
 data_12_14_2_50/N_atom200E+12_Vexp550E+02_Vemit550E+02_tauD000E+00_Vran750E+02 
                      
 Start
 set_grid_done
 set_clumps_done
 Done
 TIME :   0.760374248027802       sec
          50 %          12   3.60279103368521     
 	 100 %         157   6.40318002551794     
 Time :   6.60646975040436     
 data_12_14_2_50/N_atom320E+12_Vexp550E+02_Vemit550E+02_tauD000E+00_Vran750E+02 
                      
 Start
 set_grid_done
 set_clumps_done
 Done
 TIME :   0.759506486356258       sec
          50 %          26   3.59764879196882     
 	 100 %          60   6.39558598399162     
 Time :   6.59694503247738     
 data_12_14_2_50/N_atom500E+12_Vexp550E+02_Vemit550E+02_tauD000E+00_Vran750E+02 
                      
 Start
 set_grid_done
 set_clumps_done
 Done
 TIME :   0.759651497006416       sec
          50 %          79   3.60301149636507     
 	 100 %          67   6.40762298554182     
 Time :   6.61198424547911     
 data_12_14_2_50/N_atom790E+12_Vexp550E+02_Vemit550E+02_tauD000E+00_Vran750E+02 
                      
 Start
 set_grid_done
 set_clumps_done
 Done
 TIME :   0.758868254721165       sec
          50 %          16   3.59823653846979     
 	 100 %          77   6.39685725420713     
 Time :   6.59911791980267     
 data_12_14_2_50/N_atom130E+13_Vexp550E+02_Vemit550E+02_tauD000E+00_Vran750E+02 
                      
 Start
 set_grid_done
 set_clumps_done
 Done
 TIME :   0.748275965452194       sec
          50 %          99   3.57426791638136     
 	 100 %          68   6.37019775807858     
 Time :   6.57145245373249     
 data_12_14_2_50/N_atom200E+13_Vexp550E+02_Vemit550E+02_tauD000E+00_Vran750E+02 
                      
 Start
 set_grid_done
 set_clumps_done
 Done
 TIME :   0.763892337679863       sec
          50 %           3   3.60097145289183     
 	 100 %          40   6.41126161068678     
 Time :   6.61453419178724     
 data_12_14_2_50/N_atom320E+13_Vexp550E+02_Vemit550E+02_tauD000E+00_Vran750E+02 
                      
 Start
 set_grid_done
 set_clumps_done
 Done
 TIME :   0.758880302309990       sec
          50 %          19   3.59746168553829     
 	 100 %          68   6.41012562811375     
 Time :   6.77122037857771     
 data_12_14_2_50/N_atom500E+13_Vexp550E+02_Vemit550E+02_tauD000E+00_Vran750E+02 
                      
 Start
 set_grid_done
 set_clumps_done
 Done
 TIME :   0.762015387415886       sec
          50 %         103   3.60745500773191     
 	 100 %           4   6.41001513600349     
 Time :   6.61108269542456     
 data_12_14_2_50/N_atom790E+13_Vexp550E+02_Vemit550E+02_tauD000E+00_Vran750E+02 
                      
 Start
 set_grid_done
 set_clumps_done
 Done
 TIME :   0.761437520384789       sec
          50 %           9   3.60317693650723     
 	 100 %          21   6.40318540483713     
 Time :   6.60664444416761     
 data_12_14_2_50/N_atom130E+14_Vexp550E+02_Vemit550E+02_tauD000E+00_Vran750E+02 
                      
 Start
 set_grid_done
 set_clumps_done
 Done
 TIME :   0.759842708706856       sec
          50 %          56   3.61246702075005     
 	 100 %         151   6.42867164313793     
 Time :   6.62900164723396     
 data_12_14_2_50/N_atom200E+14_Vexp550E+02_Vemit550E+02_tauD000E+00_Vran750E+02 
                      
 Start
 set_grid_done
 set_clumps_done
 Done
 TIME :   0.760505340993404       sec
          50 %          99   3.60076048970222     
 	 100 %         131   6.40223802626133     
 Time :   6.60508739948273     
 data_12_14_2_50/N_atom320E+14_Vexp550E+02_Vemit550E+02_tauD000E+00_Vran750E+02 
                      
 Start
 set_grid_done
 set_clumps_done
 Done
 TIME :   0.766633145511150       sec
          50 %         121   3.60217192023993     
 	 100 %          33   6.40970124304295     
 Time :   6.61236096173525     
 data_12_14_2_50/N_atom500E+14_Vexp550E+02_Vemit550E+02_tauD000E+00_Vran750E+02 
                      
 Start
 set_grid_done
 set_clumps_done
 Done
 TIME :   0.759888522326946       sec
          50 %         121   3.60904438048601     
 	 100 %          63   6.42012167721987     
 Time :   6.61993590742350     
 data_12_14_2_50/N_atom790E+14_Vexp550E+02_Vemit550E+02_tauD000E+00_Vran750E+02 
                      
 Start
 set_grid_done
 set_clumps_done
 Done
 TIME :   0.761092185974121       sec
          50 %         127   3.61104375123978     
 	 100 %         124   6.42058373242617     
 Time :   6.62416720390320     
 data_12_14_2_50/N_atom130E+12_Vexp650E+02_Vemit550E+02_tauD000E+00_Vran750E+02 
                      
 Start
 set_grid_done
 set_clumps_done
 Done
 TIME :   0.765646226704121       sec
          50 %         140   3.60444822907448     
 	 100 %          97   6.41217932105064     
 Time :   6.61289578676224     
 data_12_14_2_50/N_atom200E+12_Vexp650E+02_Vemit550E+02_tauD000E+00_Vran750E+02 
                      
 Start
 set_grid_done
 set_clumps_done
 Done
 TIME :   0.759992450475693       sec
          50 %          88   3.60334112495184     
 	 100 %         148   6.43205489218235     
 Time :   6.86380492895842     
 data_12_14_2_50/N_atom320E+12_Vexp650E+02_Vemit550E+02_tauD000E+00_Vran750E+02 
                      
 Start
 set_grid_done
 set_clumps_done
 Done
 TIME :   0.761489398777485       sec
          50 %          69   3.59830585867167     
 	 100 %         153   6.39506223052740     
 Time :   6.59661043435335     
 data_12_14_2_50/N_atom500E+12_Vexp650E+02_Vemit550E+02_tauD000E+00_Vran750E+02 
                      
 Start
 set_grid_done
 set_clumps_done
 Done
 TIME :   0.763598725199699       sec
          50 %          21   3.60221416503191     
 	 100 %          68   6.40378228574991     
 Time :   6.60824987292290     
 data_12_14_2_50/N_atom790E+12_Vexp650E+02_Vemit550E+02_tauD000E+00_Vran750E+02 
                      
 Start
 set_grid_done
 set_clumps_done
 Done
 TIME :   0.763635657727718       sec
          50 %         104   3.60434311628342     
 	 100 %         119   6.40788739174604     
 Time :   6.60859349370003     
 data_12_14_2_50/N_atom130E+13_Vexp650E+02_Vemit550E+02_tauD000E+00_Vran750E+02 
                      
 Start
 set_grid_done
 set_clumps_done
 Done
 TIME :   0.760220438241959       sec
          50 %         127   3.60887094587088     
 	 100 %         159   6.41528637707233     
 Time :   6.61772280186415     
 data_12_14_2_50/N_atom200E+13_Vexp650E+02_Vemit550E+02_tauD000E+00_Vran750E+02 
                      
 Start
 set_grid_done
 set_clumps_done
 Done
 TIME :   0.763300716876984       sec
          50 %          40   3.59778202325106     
 	 100 %          67   6.40408235788345     
 Time :   6.61003012955189     
 data_12_14_2_50/N_atom320E+13_Vexp650E+02_Vemit550E+02_tauD000E+00_Vran750E+02 
                      
 Start
 set_grid_done
 set_clumps_done
 Done
 TIME :   0.758398920297623       sec
          50 %         119   3.59994520992041     
 	 100 %         151   6.40515928715467     
 Time :   6.60608007758856     
 data_12_14_2_50/N_atom500E+13_Vexp650E+02_Vemit550E+02_tauD000E+00_Vran750E+02 
                      
 Start
 set_grid_done
 set_clumps_done
 Done
 TIME :   0.759217135608196       sec
          50 %         112   3.60587611794472     
 	 100 %         109   6.40772248804569     
 Time :   6.61265259981155     
 data_12_14_2_50/N_atom790E+13_Vexp650E+02_Vemit550E+02_tauD000E+00_Vran750E+02 
                      
 Start
 set_grid_done
 set_clumps_done
 Done
 TIME :   0.761051923036575       sec
          50 %          24   3.60698250681162     
 	 100 %          25   6.41210804134607     
 Time :   6.62009041011333     
 data_12_14_2_50/N_atom130E+14_Vexp650E+02_Vemit550E+02_tauD000E+00_Vran750E+02 
                      
 Start
 set_grid_done
 set_clumps_done
 Done
 TIME :   0.759418129920959       sec
