 data_15_16_2_100/N_atom130E+15_Vexp600E+02_Vemit600E+02_tauD000E+00_Vran600E+02
                      
 Start
 set_grid_done
 set_clumps_done
 Done
 TIME :   0.685280531644821       sec
          50 %         125   3.50781203806400     
 	 100 %          23   6.29716257750988     
 Time :   6.52829806506634     
 data_15_16_2_100/N_atom200E+15_Vexp600E+02_Vemit600E+02_tauD000E+00_Vran600E+02
                      
 Start
 set_grid_done
 set_clumps_done
 Done
 TIME :   0.698543667793274       sec
          50 %         144   3.52143916487694     
 	 100 %          38   6.32600279152393     
 Time :   6.52408438920975     
 data_15_16_2_100/N_atom320E+15_Vexp600E+02_Vemit600E+02_tauD000E+00_Vran600E+02
                      
 Start
 set_grid_done
 set_clumps_done
 Done
 TIME :   0.694609150290489       sec
          50 %           3   3.60125285387039     
 	 100 %         113   6.49304041266441     
 Time :   6.69376361370087     
 data_15_16_2_100/N_atom500E+15_Vexp600E+02_Vemit600E+02_tauD000E+00_Vran600E+02
                      
 Start
 set_grid_done
 set_clumps_done
 Done
 TIME :   0.684193342924118       sec
          50 %          15   3.90114173293114     
 	 100 %           3   7.07124738395214     
 Time :   7.27217584848404     
 data_15_16_2_100/N_atom790E+15_Vexp600E+02_Vemit600E+02_tauD000E+00_Vran600E+02
                      
 Start
 set_grid_done
 set_clumps_done
 Done
 TIME :   0.686555743217468       sec
          50 %          93   4.41362655162811     
 	 100 %         105   8.07865272462368     
 Time :   8.27725826203823     
 data_15_16_2_100/N_atom130E+16_Vexp600E+02_Vemit600E+02_tauD000E+00_Vran600E+02
                      
 Start
 set_grid_done
 set_clumps_done
 Done
 TIME :   0.732640057802200       sec
          50 %          33   5.03567554056644     
 	 100 %          76   9.29586715996265     
 Time :   9.49288406968117     
 data_15_16_2_100/N_atom200E+16_Vexp600E+02_Vemit600E+02_tauD000E+00_Vran600E+02
                      
 Start
 set_grid_done
 set_clumps_done
 Done
 TIME :   0.732218578457832       sec
          50 %          61   5.63191099464893     
 	 100 %          10   10.4966605752707     
 Time :   10.6960446536541     
 data_15_16_2_100/N_atom320E+16_Vexp600E+02_Vemit600E+02_tauD000E+00_Vran600E+02
                      
 Start
 set_grid_done
 set_clumps_done
 Done
 TIME :   0.731708094477654       sec
          50 %         158   6.39351379871368     
 	 100 %         146   11.9979320466518     
 Time :   12.1971799135208     
 data_15_16_2_100/N_atom500E+16_Vexp600E+02_Vemit600E+02_tauD000E+00_Vran600E+02
                      
 Start
 set_grid_done
 set_clumps_done
 Done
 TIME :   0.732989847660065       sec
          50 %          98   7.24709942936897     
 	 100 %          45   13.7293810844421     
 Time :   13.9266268461943     
 data_15_16_2_100/N_atom790E+16_Vexp600E+02_Vemit600E+02_tauD000E+00_Vran600E+02
                      
 Start
 set_grid_done
 set_clumps_done
 Done
 TIME :   0.735474094748497       sec
          50 %          77   8.42742641270161     
 	 100 %          46   16.0746695548296     
 Time :   16.2768511623144     
 data_15_16_2_100/N_atom130E+15_Vexp700E+02_Vemit600E+02_tauD000E+00_Vran600E+02
                      
 Start
 set_grid_done
 set_clumps_done
 Done
 TIME :   0.740162312984467       sec
          50 %         159   3.61143706738949     
 	 100 %         125   6.44828841090202     
 Time :   6.64594475924969     
 data_15_16_2_100/N_atom200E+15_Vexp700E+02_Vemit600E+02_tauD000E+00_Vran600E+02
                      
 Start
 set_grid_done
 set_clumps_done
 Done
 TIME :   0.742473706603050       sec
          50 %         158   3.60825097560883     
 	 100 %          65   6.44239209592342     
 Time :   6.64092950522900     
 data_15_16_2_100/N_atom320E+15_Vexp700E+02_Vemit600E+02_tauD000E+00_Vran600E+02
                      
 Start
 set_grid_done
 set_clumps_done
 Done
 TIME :   0.734101176261902       sec
          50 %          43   3.65713369846344     
 	 100 %         153   6.53747588396072     
 Time :   6.73652313649654     
 data_15_16_2_100/N_atom500E+15_Vexp700E+02_Vemit600E+02_tauD000E+00_Vran600E+02
                      
 Start
 set_grid_done
 set_clumps_done
 Done
 TIME :   0.815275490283966       sec
          50 %         137   3.99654100835323     
 	 100 %         157   7.13049939274788     
 Time :   7.32699380815029     
 data_15_16_2_100/N_atom790E+15_Vexp700E+02_Vemit600E+02_tauD000E+00_Vran600E+02
                      
 Start
 set_grid_done
 set_clumps_done
 Done
 TIME :   0.736455291509628       sec
          50 %          57   4.33473345637321     
 	 100 %          15   7.89980871975422     
 Time :   8.09341923892498     
 data_15_16_2_100/N_atom130E+16_Vexp700E+02_Vemit600E+02_tauD000E+00_Vran600E+02
                      
 Start
 set_grid_done
 set_clumps_done
 Done
 TIME :   0.737330868840218       sec
          50 %         101   4.89224550127983     
 	 100 %          72   9.00694629549980     
 Time :   9.20529094338417     
 data_15_16_2_100/N_atom200E+16_Vexp700E+02_Vemit600E+02_tauD000E+00_Vran600E+02
                      
 Start
 set_grid_done
 set_clumps_done
 Done
 TIME :   0.735298529267311       sec
          50 %          31   5.41424672305584     
 	 100 %          37   10.0614882707596     
 Time :   10.2662256211042     
 data_15_16_2_100/N_atom320E+16_Vexp700E+02_Vemit600E+02_tauD000E+00_Vran600E+02
                      
 Start
 set_grid_done
 set_clumps_done
 Done
 TIME :   0.735298603773117       sec
          50 %         129   6.13968352973461     
 	 100 %          22   11.4470545202494     
 Time :   11.6499208360910     
 data_15_16_2_100/N_atom500E+16_Vexp700E+02_Vemit600E+02_tauD000E+00_Vran600E+02
                      
 Start
 set_grid_done
 set_clumps_done
 Done
 TIME :   0.740731358528137       sec
          50 %          41   6.87318313121796     
 	 100 %          57   12.9607476443052     
 Time :   13.1594187021255     
 data_15_16_2_100/N_atom790E+16_Vexp700E+02_Vemit600E+02_tauD000E+00_Vran600E+02
                      
 Start
 set_grid_done
 set_clumps_done
 Done
 TIME :   0.750997811555862       sec
          50 %          96   7.92024534940720     
 	 100 %          23   15.0449515134096     
 Time :   15.2632027715445     
 data_15_16_2_100/N_atom130E+15_Vexp800E+02_Vemit600E+02_tauD000E+00_Vran600E+02
                      
 Start
 set_grid_done
 set_clumps_done
 Done
 TIME :   0.765156090259552       sec
          50 %          71   3.69331169128418     
 	 100 %         156   6.61797860264778     
 Time :   6.81544236838818     
 data_15_16_2_100/N_atom200E+15_Vexp800E+02_Vemit600E+02_tauD000E+00_Vran600E+02
                      
 Start
 set_grid_done
 set_clumps_done
 Done
 TIME :   0.746740788221359       sec
          50 %          37   3.61020599305630     
 	 100 %          54   6.45567899942398     
 Time :   6.65677228569984     
 data_15_16_2_100/N_atom320E+15_Vexp800E+02_Vemit600E+02_tauD000E+00_Vran600E+02
                      
 Start
 set_grid_done
 set_clumps_done
 Done
 TIME :   0.739066928625107       sec
          50 %          90   3.64402191340923     
 	 100 %          94   6.51611998677254     
 Time :   6.71403765678406     
 data_15_16_2_100/N_atom500E+15_Vexp800E+02_Vemit600E+02_tauD000E+00_Vran600E+02
                      
 Start
 set_grid_done
 set_clumps_done
 Done
 TIME :   0.738650903105736       sec
          50 %          81   3.85664388537407     
 	 100 %         107   6.94035129249096     
 Time :   7.13608850538731     
 data_15_16_2_100/N_atom790E+15_Vexp800E+02_Vemit600E+02_tauD000E+00_Vran600E+02
                      
 Start
 set_grid_done
 set_clumps_done
 Done
 TIME :   0.738567233085632       sec
          50 %          36   4.23271147906780     
 	 100 %          67   7.68491607904434     
 Time :   7.88286964595318     
 data_15_16_2_100/N_atom130E+16_Vexp800E+02_Vemit600E+02_tauD000E+00_Vran600E+02
                      
 Start
 set_grid_done
 set_clumps_done
 Done
 TIME :   0.738575369119644       sec
          50 %          92   4.72314171493053     
 	 100 %         114   8.66478143632412     
 Time :   8.86405916512012     
 data_15_16_2_100/N_atom200E+16_Vexp800E+02_Vemit600E+02_tauD000E+00_Vran600E+02
                      
 Start
 set_grid_done
 set_clumps_done
 Done
 TIME :   0.738961309194565       sec
          50 %          38   5.21205914020538     
 	 100 %          12   9.63511107861996     
 Time :   9.83705005049706     
 data_15_16_2_100/N_atom320E+16_Vexp800E+02_Vemit600E+02_tauD000E+00_Vran600E+02
                      
 Start
 set_grid_done
 set_clumps_done
 Done
 TIME :   0.739698827266693       sec
          50 %          38   5.79696008563042     
 	 100 %          29   10.8128513991833     
 Time :   11.0098446756601     
 data_15_16_2_100/N_atom500E+16_Vexp800E+02_Vemit600E+02_tauD000E+00_Vran600E+02
                      
 Start
 set_grid_done
 set_clumps_done
 Done
 TIME :   0.740136459469795       sec
          50 %          11   6.49425810575485     
 	 100 %          74   12.2041786760092     
 Time :   12.4064494371414     
 data_15_16_2_100/N_atom790E+16_Vexp800E+02_Vemit600E+02_tauD000E+00_Vran600E+02
                      
 Start
 set_grid_done
 set_clumps_done
 Done
 TIME :   0.742928996682167       sec
          50 %         103   7.42531573772430     
 	 100 %          13   14.0628086030483     
 Time :   14.2637672126293     
 data_15_16_2_100/N_atom130E+15_Vexp900E+02_Vemit600E+02_tauD000E+00_Vran600E+02
                      
 Start
 set_grid_done
 set_clumps_done
 Done
 TIME :   0.771317809820175       sec
          50 %          56   3.64830803871155     
 	 100 %          20   6.51349681615829     
 Time :   6.70932836830616     
 data_15_16_2_100/N_atom200E+15_Vexp900E+02_Vemit600E+02_tauD000E+00_Vran600E+02
                      
 Start
 set_grid_done
 set_clumps_done
 Done
 TIME :   0.746357694268227       sec
          50 %         119   3.63664938509464     
 	 100 %          90   6.49713830649853     
 Time :   6.84774085879326     
 data_15_16_2_100/N_atom320E+15_Vexp900E+02_Vemit600E+02_tauD000E+00_Vran600E+02
                      
 Start
 set_grid_done
 set_clumps_done
 Done
 TIME :   0.743219181895256       sec
          50 %         127   3.63996714353561     
 	 100 %          36   6.50333243608475     
 Time :   6.70031066238880     
 data_15_16_2_100/N_atom500E+15_Vexp900E+02_Vemit600E+02_tauD000E+00_Vran600E+02
                      
 Start
 set_grid_done
 set_clumps_done
 Done
 TIME :   0.743128031492233       sec
          50 %          72   3.79708114266396     
 	 100 %          28   6.81282405555248     
 Time :   7.00965988636017     
 data_15_16_2_100/N_atom790E+15_Vexp900E+02_Vemit600E+02_tauD000E+00_Vran600E+02
                      
 Start
 set_grid_done
 set_clumps_done
 Done
 TIME :   0.743759110569954       sec
          50 %         157   4.13415816426277     
 	 100 %         125   7.48096226155758     
 Time :   7.67846229672432     
 data_15_16_2_100/N_atom130E+16_Vexp900E+02_Vemit600E+02_tauD000E+00_Vran600E+02
                      
 Start
 set_grid_done
 set_clumps_done
 Done
 TIME :   0.743744000792503       sec
          50 %          80   4.57061600685120     
 	 100 %         154   8.36895945668221     
 Time :   8.74001166224480     
 data_15_16_2_100/N_atom200E+16_Vexp900E+02_Vemit600E+02_tauD000E+00_Vran600E+02
                      
 Start
 set_grid_done
 set_clumps_done
 Done
 TIME :   0.745627343654633       sec
          50 %          85   5.01069402694702     
 	 100 %         104   9.23135219514370     
 Time :   9.42746146023273     
 data_15_16_2_100/N_atom320E+16_Vexp900E+02_Vemit600E+02_tauD000E+00_Vran600E+02
                      
 Start
 set_grid_done
 set_clumps_done
 Done
 TIME :   0.745766088366508       sec
          50 %          31   5.53353978693485     
 	 100 %         111   10.2870833426714     
 Time :   10.4820682406425     
 data_15_16_2_100/N_atom500E+16_Vexp900E+02_Vemit600E+02_tauD000E+00_Vran600E+02
                      
 Start
 set_grid_done
 set_clumps_done
 Done
 TIME :   0.745481401681900       sec
          50 %          95   6.14875212311745     
 	 100 %         112   11.5177311599255     
 Time :   11.7164499461651     
 data_15_16_2_100/N_atom790E+16_Vexp900E+02_Vemit600E+02_tauD000E+00_Vran600E+02
                      
 Start
 set_grid_done
 set_clumps_done
 Done
 TIME :   0.766956925392151       sec
          50 %          14   6.99778315424919     
 	 100 %         142   13.1871362775564     
 Time :   13.3945457935333     
 data_15_16_2_100/N_atom130E+15_Vexp100E+03_Vemit600E+02_tauD000E+00_Vran600E+02
                      
 Start
 set_grid_done
 set_clumps_done
 Done
 TIME :   0.773073181509972       sec
          50 %         131   3.64414614439011     
 	 100 %          25   6.51610514521599     
 Time :   6.71430575847626     
 data_15_16_2_100/N_atom200E+15_Vexp100E+03_Vemit600E+02_tauD000E+00_Vran600E+02
                      
 Start
 set_grid_done
 set_clumps_done
 Done
 TIME :   0.747507244348526       sec
          50 %          58   3.62561056017876     
 	 100 %          57   6.47587746381760     
 Time :   6.67160294950008     
 data_15_16_2_100/N_atom320E+15_Vexp100E+03_Vemit600E+02_tauD000E+00_Vran600E+02
                      
 Start
 set_grid_done
 set_clumps_done
 Done
 TIME :   0.748719692230225       sec
          50 %          61   3.64202989637852     
 	 100 %         142   6.50079363584518     
 Time :   6.69438093900681     
 data_15_16_2_100/N_atom500E+15_Vexp100E+03_Vemit600E+02_tauD000E+00_Vran600E+02
                      
 Start
 set_grid_done
 set_clumps_done
 Done
 TIME :   0.744100227952003       sec
          50 %         109   3.74668018519878     
 	 100 %         156   6.70493339002132     
 Time :   6.90457689762115     
 data_15_16_2_100/N_atom790E+15_Vexp100E+03_Vemit600E+02_tauD000E+00_Vran600E+02
                      
 Start
 set_grid_done
 set_clumps_done
 Done
 TIME :   0.744743421673775       sec
          50 %          40   4.03188818693161     
 	 100 %         117   7.27529112994671     
 Time :   7.47330299019814     
 data_15_16_2_100/N_atom130E+16_Vexp100E+03_Vemit600E+02_tauD000E+00_Vran600E+02
                      
 Start
 set_grid_done
 set_clumps_done
 Done
 TIME :   0.744145184755325       sec
          50 %          14   4.42672468721867     
 	 100 %          30   8.06961672008038     
 Time :   8.26705779135227     
 data_15_16_2_100/N_atom200E+16_Vexp100E+03_Vemit600E+02_tauD000E+00_Vran600E+02
                      
 Start
 set_grid_done
 set_clumps_done
 Done
 TIME :   0.747250095009804       sec
          50 %           1   4.82718753814697     
 	 100 %          59   8.84816937148571     
 Time :   9.04648242890835     
 data_15_16_2_100/N_atom320E+16_Vexp100E+03_Vemit600E+02_tauD000E+00_Vran600E+02
                      
 Start
 set_grid_done
 set_clumps_done
 Done
 TIME :   0.745891392230988       sec
          50 %          55   5.28429467976093     
 	 100 %         127   9.78231574594975     
 Time :   9.97761546075344     
 data_15_16_2_100/N_atom500E+16_Vexp100E+03_Vemit600E+02_tauD000E+00_Vran600E+02
                      
 Start
 set_grid_done
 set_clumps_done
 Done
 TIME :   0.744988471269608       sec
          50 %          79   5.82918867468834     
 	 100 %         141   10.8674443513155     
 Time :   11.0679652839899     
 data_15_16_2_100/N_atom790E+16_Vexp100E+03_Vemit600E+02_tauD000E+00_Vran600E+02
                      
 Start
 set_grid_done
 set_clumps_done
 Done
 TIME :   0.769387662410736       sec
          50 %         115   6.60097983479500     
 	 100 %         119   12.3836610466242     
 Time :   12.5836271792650     
 data_15_16_2_100/N_atom130E+15_Vexp600E+02_Vemit600E+02_tauD000E+00_Vran700E+02
                      
 Start
 set_grid_done
 set_clumps_done
 Done
 TIME :   0.775207832455635       sec
          50 %          17   3.66122023761272     
 	 100 %          64   6.53002493083477     
 Time :   6.77038925886154     
 data_15_16_2_100/N_atom200E+15_Vexp600E+02_Vemit600E+02_tauD000E+00_Vran700E+02
                      
 Start
 set_grid_done
 set_clumps_done
 Done
 TIME :   0.744111940264702       sec
          50 %           8   3.61883126199245     
 	 100 %         145   6.46923817694187     
 Time :   6.66668920218945     
 data_15_16_2_100/N_atom320E+15_Vexp600E+02_Vemit600E+02_tauD000E+00_Vran700E+02
                      
 Start
 set_grid_done
 set_clumps_done
 Done
 TIME :   0.744042918086052       sec
          50 %          86   3.69498507678509     
 	 100 %         135   6.60936959087849     
 Time :   6.82038289308548     
 data_15_16_2_100/N_atom500E+15_Vexp600E+02_Vemit600E+02_tauD000E+00_Vran700E+02
                      
 Start
 set_grid_done
 set_clumps_done
 Done
 TIME :   0.746111989021301       sec
          50 %         105   3.99551744759083     
 	 100 %          32   7.19949439167976     
 Time :   7.39798000454903     
 data_15_16_2_100/N_atom790E+15_Vexp600E+02_Vemit600E+02_tauD000E+00_Vran700E+02
                      
 Start
 set_grid_done
 set_clumps_done
 Done
 TIME :   0.744476214051247       sec
          50 %         143   4.46051234006882     
 	 100 %          17   8.12832456827164     
 Time :   8.32678790390491     
 data_15_16_2_100/N_atom130E+16_Vexp600E+02_Vemit600E+02_tauD000E+00_Vran700E+02
                      
 Start
 set_grid_done
 set_clumps_done
 Done
 TIME :   0.743968188762665       sec
          50 %          55   5.07461629807949     
 	 100 %          58   9.36729553341866     
 Time :   9.56588037312031     
 data_15_16_2_100/N_atom200E+16_Vexp600E+02_Vemit600E+02_tauD000E+00_Vran700E+02
                      
 Start
 set_grid_done
 set_clumps_done
 Done
 TIME :   0.745816379785538       sec
          50 %          55   5.71247372031212     
 	 100 %          13   10.6274830400944     
 Time :   10.8290810585022     
 data_15_16_2_100/N_atom320E+16_Vexp600E+02_Vemit600E+02_tauD000E+00_Vran700E+02
                      
 Start
 set_grid_done
 set_clumps_done
 Done
 TIME :   0.751057788729668       sec
          50 %          27   6.48232695460320     
 	 100 %         142   12.1672056615353     
 Time :   12.3683819919825     
 data_15_16_2_100/N_atom500E+16_Vexp600E+02_Vemit600E+02_tauD000E+00_Vran700E+02
                      
 Start
 set_grid_done
 set_clumps_done
 Done
 TIME :   0.742549285292625       sec
          50 %         101   7.36598953604698     
 	 100 %         132   13.9563675820827     
 Time :   14.1575433015823     
 data_15_16_2_100/N_atom790E+16_Vexp600E+02_Vemit600E+02_tauD000E+00_Vran700E+02
                      
 Start
 set_grid_done
 set_clumps_done
 Done
 TIME :   0.747272655367851       sec
          50 %         133   8.55160239338875     
 	 100 %         125   16.3372664302588     
 Time :   16.5996004790068     
 data_15_16_2_100/N_atom130E+15_Vexp700E+02_Vemit600E+02_tauD000E+00_Vran700E+02
                      
 Start
 set_grid_done
 set_clumps_done
 Done
 TIME :   0.769349560141563       sec
          50 %          10   3.64685279130936     
 	 100 %         152   6.50573363900185     
 Time :   6.70240758359432     
 data_15_16_2_100/N_atom200E+15_Vexp700E+02_Vemit600E+02_tauD000E+00_Vran700E+02
                      
 Start
 set_grid_done
 set_clumps_done
 Done
 TIME :   0.755427792668343       sec
          50 %         148   3.62817668914795     
 	 100 %          34   6.47999186813831     
 Time :   6.67835910618305     
 data_15_16_2_100/N_atom320E+15_Vexp700E+02_Vemit600E+02_tauD000E+00_Vran700E+02
                      
 Start
 set_grid_done
 set_clumps_done
 Done
 TIME :   0.745021700859070       sec
          50 %           9   3.67106492817402     
 	 100 %          36   6.56011743843555     
 Time :   6.75838471949100     
 data_15_16_2_100/N_atom500E+15_Vexp700E+02_Vemit600E+02_tauD000E+00_Vran700E+02
                      
 Start
 set_grid_done
 set_clumps_done
 Done
 TIME :   0.744731679558754       sec
          50 %          56   3.92953364551067     
 	 100 %         157   7.07382673025131     
 Time :   7.27023017406464     
 data_15_16_2_100/N_atom790E+15_Vexp700E+02_Vemit600E+02_tauD000E+00_Vran700E+02
                      
 Start
 set_grid_done
 set_clumps_done
 Done
 TIME :   0.744869753718376       sec
          50 %         145   4.36272989213467     
 	 100 %          35   7.93871530890465     
 Time :   8.13744109869003     
 data_15_16_2_100/N_atom130E+16_Vexp700E+02_Vemit600E+02_tauD000E+00_Vran700E+02
                      
 Start
 set_grid_done
 set_clumps_done
 Done
 TIME :   0.744754895567894       sec
          50 %         129   4.95031224191189     
 	 100 %          64   9.10120016336441     
 Time :   9.29983125627041     
 data_15_16_2_100/N_atom200E+16_Vexp700E+02_Vemit600E+02_tauD000E+00_Vran700E+02
                      
 Start
 set_grid_done
 set_clumps_done
 Done
 TIME :   0.742140084505081       sec
          50 %          37   5.51203098893166     
 	 100 %          35   10.2418537735939     
 Time :   10.4468473792076     
 data_15_16_2_100/N_atom320E+16_Vexp700E+02_Vemit600E+02_tauD000E+00_Vran700E+02
                      
 Start
 set_grid_done
 set_clumps_done
 Done
 TIME :   0.744729161262512       sec
          50 %          77   6.21465238928795     
 	 100 %          55   11.6452586650848     
 Time :   11.8422303497791     
 data_15_16_2_100/N_atom500E+16_Vexp700E+02_Vemit600E+02_tauD000E+00_Vran700E+02
                      
 Start
 set_grid_done
 set_clumps_done
 Done
 TIME :   0.744792416691780       sec
          50 %         117   7.02667291462421     
 	 100 %          78   13.2555138766766     
 Time :   13.4523977786303     
 data_15_16_2_100/N_atom790E+16_Vexp700E+02_Vemit600E+02_tauD000E+00_Vran700E+02
                      
 Start
 set_grid_done
 set_clumps_done
 Done
 TIME :   0.746038258075714       sec
          50 %          76   8.08855244517326     
 	 100 %          88   15.3810979276896     
 Time :   15.5777526348829     
 data_15_16_2_100/N_atom130E+15_Vexp800E+02_Vemit600E+02_tauD000E+00_Vran700E+02
                      
 Start
 set_grid_done
 set_clumps_done
 Done
 TIME :   0.775674268603325       sec
          50 %          82   3.64842016994953     
 	 100 %         148   6.50370094180107     
 Time :   6.70186929404736     
 data_15_16_2_100/N_atom200E+15_Vexp800E+02_Vemit600E+02_tauD000E+00_Vran700E+02
                      
 Start
 set_grid_done
 set_clumps_done
 Done
 TIME :   0.749609023332596       sec
          50 %         137   3.62776668369770     
 	 100 %         117   6.48203159868717     
 Time :   6.68024419248104     
 data_15_16_2_100/N_atom320E+15_Vexp800E+02_Vemit600E+02_tauD000E+00_Vran700E+02
                      
 Start
 set_grid_done
 set_clumps_done
 Done
 TIME :   0.746534541249275       sec
          50 %           7   3.65734134614468     
 	 100 %         111   6.52747526764870     
 Time :   6.72339110076427     
 data_15_16_2_100/N_atom500E+15_Vexp800E+02_Vemit600E+02_tauD000E+00_Vran700E+02
                      
 Start
 set_grid_done
 set_clumps_done
 Done
 TIME :   0.742782905697823       sec
          50 %          29   3.87731583416462     
 	 100 %          82   6.96330843865871     
 Time :   7.15823718905449     
 data_15_16_2_100/N_atom790E+15_Vexp800E+02_Vemit600E+02_tauD000E+00_Vran700E+02
                      
 Start
 set_grid_done
 set_clumps_done
 Done
 TIME :   0.745322585105896       sec
          50 %         147   4.27098013460636     
 	 100 %          71   7.75821954011917     
 Time :   7.95900604128838     
 data_15_16_2_100/N_atom130E+16_Vexp800E+02_Vemit600E+02_tauD000E+00_Vran700E+02
                      
 Start
 set_grid_done
 set_clumps_done
 Done
 TIME :   0.749480918049812       sec
          50 %          87   4.80084335803986     
 	 100 %          24   8.81790083646774     
 Time :   9.01327885687351     
 data_15_16_2_100/N_atom200E+16_Vexp800E+02_Vemit600E+02_tauD000E+00_Vran700E+02
                      
 Start
 set_grid_done
 set_clumps_done
 Done
 TIME :   0.744677916169167       sec
          50 %         108   5.32805211842060     
 	 100 %          46   9.87087699770927     
 Time :   10.0714288502932     
 data_15_16_2_100/N_atom320E+16_Vexp800E+02_Vemit600E+02_tauD000E+00_Vran700E+02
                      
 Start
 set_grid_done
 set_clumps_done
 Done
 TIME :   0.744633555412292       sec
          50 %          68   5.95699885487556     
 	 100 %         149   11.1345402747393     
 Time :   11.3341137617826     
 data_15_16_2_100/N_atom500E+16_Vexp800E+02_Vemit600E+02_tauD000E+00_Vran700E+02
                      
 Start
 set_grid_done
 set_clumps_done
 Done
 TIME :   0.744377523660660       sec
          50 %          90   6.67669129371643     
 	 100 %          52   12.5746590048075     
 Time :   12.7781888097525     
 data_15_16_2_100/N_atom790E+16_Vexp800E+02_Vemit600E+02_tauD000E+00_Vran700E+02
                      
 Start
 set_grid_done
 set_clumps_done
 Done
 TIME :   0.744941696524620       sec
          50 %         134   7.67345303297043     
 	 100 %         117   14.5292579382658     
 Time :   14.9675808399916     
 data_15_16_2_100/N_atom130E+15_Vexp900E+02_Vemit600E+02_tauD000E+00_Vran700E+02
                      
 Start
 set_grid_done
 set_clumps_done
 Done
 TIME :   0.780898660421371       sec
          50 %          39   3.67291498184204     
 	 100 %         109   6.54821471869946     
 Time :   6.74398557841778     
 data_15_16_2_100/N_atom200E+15_Vexp900E+02_Vemit600E+02_tauD000E+00_Vran700E+02
                      
 Start
 set_grid_done
 set_clumps_done
 Done
 TIME :   0.749160096049309       sec
          50 %          15   3.63936634361744     
 	 100 %          38   6.50085546076298     
 Time :   6.69700437784195     
 data_15_16_2_100/N_atom320E+15_Vexp900E+02_Vemit600E+02_tauD000E+00_Vran700E+02
                      
 Start
 set_grid_done
 set_clumps_done
 Done
 TIME :   0.751076668500900       sec
          50 %          83   3.64563368260860     
 	 100 %          98   6.50971668958664     
 Time :   6.70454038679600     
 data_15_16_2_100/N_atom500E+15_Vexp900E+02_Vemit600E+02_tauD000E+00_Vran700E+02
                      
 Start
 set_grid_done
 set_clumps_done
 Done
 TIME :   0.745753705501556       sec
          50 %          18   3.81872820854187     
 	 100 %          82   6.85090267658234     
 Time :   7.04900850355625     
 data_15_16_2_100/N_atom790E+15_Vexp900E+02_Vemit600E+02_tauD000E+00_Vran700E+02
                      
 Start
 set_grid_done
 set_clumps_done
 Done
 TIME :   0.745771288871765       sec
          50 %          55   4.18918883800507     
 	 100 %          75   7.57733801007271     
 Time :   7.77226684987545     
 data_15_16_2_100/N_atom130E+16_Vexp900E+02_Vemit600E+02_tauD000E+00_Vran700E+02
                      
 Start
 set_grid_done
 set_clumps_done
 Done
 TIME :   0.744965136051178       sec
          50 %         140   4.66435866057873     
 	 100 %          35   8.54091922938824     
 Time :   8.73515051603317     
 data_15_16_2_100/N_atom200E+16_Vexp900E+02_Vemit600E+02_tauD000E+00_Vran700E+02
                      
 Start
 set_grid_done
 set_clumps_done
 Done
 TIME :   0.745243728160858       sec
          50 %         114   5.14113558828831     
 	 100 %          75   9.49296785891056     
 Time :   9.68960514664650     
 data_15_16_2_100/N_atom320E+16_Vexp900E+02_Vemit600E+02_tauD000E+00_Vran700E+02
                      
 Start
 set_grid_done
 set_clumps_done
 Done
 TIME :   0.744586527347565       sec
          50 %         116   5.71105530858040     
 	 100 %          92   10.6431727111340     
 Time :   10.8431012928486     
 data_15_16_2_100/N_atom500E+16_Vexp900E+02_Vemit600E+02_tauD000E+00_Vran700E+02
                      
 Start
 set_grid_done
 set_clumps_done
 Done
 TIME :   0.742545410990715       sec
          50 %         130   6.37021732330322     
 	 100 %          93   11.9512481093407     
 Time :   12.1493792384863     
 data_15_16_2_100/N_atom790E+16_Vexp900E+02_Vemit600E+02_tauD000E+00_Vran700E+02
                      
 Start
 set_grid_done
 set_clumps_done
 Done
 TIME :   0.748226597905159       sec
          50 %         132   7.24608500301838     
 	 100 %          88   13.7176961898804     
 Time :   14.0034852325916     
 data_15_16_2_100/N_atom130E+15_Vexp100E+03_Vemit600E+02_tauD000E+00_Vran700E+02
                      
 Start
 set_grid_done
 set_clumps_done
 Done
 TIME :   0.764644816517830       sec
          50 %          56   3.63469167053699     
 	 100 %          89   6.48858404159546     
 Time :   6.68371631205082     
 data_15_16_2_100/N_atom200E+15_Vexp100E+03_Vemit600E+02_tauD000E+00_Vran700E+02
                      
 Start
 set_grid_done
 set_clumps_done
 Done
 TIME :   0.743956282734871       sec
          50 %          98   3.63798902928829     
 	 100 %          68   6.49920377135277     
 Time :   6.69679731130600     
 data_15_16_2_100/N_atom320E+15_Vexp100E+03_Vemit600E+02_tauD000E+00_Vran700E+02
                      
 Start
 set_grid_done
 set_clumps_done
 Done
 TIME :   0.751182734966278       sec
          50 %          19   3.64025263488293     
 	 100 %          88   6.50518769025803     
 Time :   6.69911682605743     
 data_15_16_2_100/N_atom500E+15_Vexp100E+03_Vemit600E+02_tauD000E+00_Vran700E+02
                      
 Start
 set_grid_done
 set_clumps_done
 Done
 TIME :   0.744123533368111       sec
          50 %         111   3.76547554135323     
 	 100 %           1   6.74222806096077     
 Time :   6.93725411593914     
 data_15_16_2_100/N_atom790E+15_Vexp100E+03_Vemit600E+02_tauD000E+00_Vran700E+02
                      
 Start
 set_grid_done
 set_clumps_done
 Done
 TIME :   0.750588625669479       sec
          50 %         153   4.49890287220478     
 	 100 %          35   7.79416260123253     
 Time :   7.98986141383648     
 data_15_16_2_100/N_atom130E+16_Vexp100E+03_Vemit600E+02_tauD000E+00_Vran700E+02
                      
 Start
 set_grid_done
 set_clumps_done
 Done
 TIME :   0.743702039122581       sec
          50 %          84   4.52553527057171     
 	 100 %          21   8.26892732083797     
 Time :   8.46560615301132     
 data_15_16_2_100/N_atom200E+16_Vexp100E+03_Vemit600E+02_tauD000E+00_Vran700E+02
                      
 Start
 set_grid_done
 set_clumps_done
 Done
 TIME :   0.745561346411705       sec
          50 %         117   4.96480128169060     
 	 100 %          18   9.14781710505486     
 Time :   9.34273351728916     
 data_15_16_2_100/N_atom320E+16_Vexp100E+03_Vemit600E+02_tauD000E+00_Vran700E+02
                      
 Start
 set_grid_done
 set_clumps_done
 Done
 TIME :   0.746612623333931       sec
          50 %         124   5.48731538653374     
 	 100 %          29   10.5930988341570     
 Time :   10.7914797961712     
 data_15_16_2_100/N_atom500E+16_Vexp100E+03_Vemit600E+02_tauD000E+00_Vran700E+02
                      
 Start
 set_grid_done
 set_clumps_done
 Done
 TIME :   0.744968280196190       sec
          50 %          80   6.07179950177670     
 	 100 %         103   11.3570900857449     
 Time :   11.5527417957783     
 data_15_16_2_100/N_atom790E+16_Vexp100E+03_Vemit600E+02_tauD000E+00_Vran700E+02
                      
 Start
 set_grid_done
 set_clumps_done
 Done
 TIME :   0.757755607366562       sec
          50 %         125   6.92234791815281     
 	 100 %          54   12.9908718168736     
 Time :   13.1897314339876     
 data_15_16_2_100/N_atom130E+15_Vexp600E+02_Vemit600E+02_tauD000E+00_Vran800E+02
                      
 Start
 set_grid_done
 set_clumps_done
 Done
 TIME :   0.855247274041176       sec
          50 %          97   3.72406649589539     
 	 100 %         110   6.57991318404675     
 Time :   6.77635948359966     
 data_15_16_2_100/N_atom200E+15_Vexp600E+02_Vemit600E+02_tauD000E+00_Vran800E+02
                      
 Start
 set_grid_done
 set_clumps_done
 Done
 TIME :   0.751469999551773       sec
          50 %          42   3.64877672493458     
 	 100 %         145   6.51521433889866     
 Time :   6.70965641736984     
 data_15_16_2_100/N_atom320E+15_Vexp600E+02_Vemit600E+02_tauD000E+00_Vran800E+02
                      
 Start
 set_grid_done
 set_clumps_done
 Done
 TIME :   0.747503116726875       sec
          50 %          78   3.68474639952183     
 	 100 %          22   6.58365269005299     
 Time :   6.78074869513512     
 data_15_16_2_100/N_atom500E+15_Vexp600E+02_Vemit600E+02_tauD000E+00_Vran800E+02
                      
 Start
 set_grid_done
 set_clumps_done
 Done
 TIME :   0.745813086628914       sec
          50 %         133   3.96588407456875     
 	 100 %          42   7.14154712855816     
 Time :   7.33535298705101     
 data_15_16_2_100/N_atom790E+15_Vexp600E+02_Vemit600E+02_tauD000E+00_Vran800E+02
                      
 Start
 set_grid_done
 set_clumps_done
 Done
 TIME :   0.744238004088402       sec
          50 %           8   4.44450907409191     
 	 100 %          98   8.07803776860237     
 Time :   8.27435027062893     
 data_15_16_2_100/N_atom130E+16_Vexp600E+02_Vemit600E+02_tauD000E+00_Vran800E+02
                      
 Start
 set_grid_done
 set_clumps_done
 Done
 TIME :   0.744374260306358       sec
          50 %          61   5.05496074259281     
 	 100 %           8   9.32856945693493     
 Time :   9.52290143072605     
 data_15_16_2_100/N_atom200E+16_Vexp600E+02_Vemit600E+02_tauD000E+00_Vran800E+02
                      
 Start
 set_grid_done
 set_clumps_done
 Done
 TIME :   0.744038313627243       sec
          50 %          19   5.69618983566761     
 	 100 %         159   10.6147865802050     
 Time :   10.8125000447035     
 data_15_16_2_100/N_atom320E+16_Vexp600E+02_Vemit600E+02_tauD000E+00_Vran800E+02
                      
 Start
 set_grid_done
 set_clumps_done
 Done
 TIME :   0.744137763977051       sec
          50 %          16   6.47901423275471     
 	 100 %         120   12.1540276408195     
 Time :   12.3524380773306     
 data_15_16_2_100/N_atom500E+16_Vexp600E+02_Vemit600E+02_tauD000E+00_Vran800E+02
                      
 Start
 set_grid_done
 set_clumps_done
 Done
 TIME :   0.745728000998497       sec
          50 %         126   7.36819075047970     
 	 100 %          63   13.9552688002586     
 Time :   14.1532114744186     
 data_15_16_2_100/N_atom790E+16_Vexp600E+02_Vemit600E+02_tauD000E+00_Vran800E+02
                      
 Start
 set_grid_done
 set_clumps_done
 Done
 TIME :   0.749958381056786       sec
          50 %          19   8.56703001260757     
 	 100 %          57   16.3215337842703     
 Time :   16.5261651426554     
 data_15_16_2_100/N_atom130E+15_Vexp700E+02_Vemit600E+02_tauD000E+00_Vran800E+02
                      
 Start
 set_grid_done
 set_clumps_done
 Done
 TIME :   0.781085342168808       sec
          50 %          62   3.65234670042992     
 	 100 %         106   6.50895202159882     
 Time :   6.70585159957409     
 data_15_16_2_100/N_atom200E+15_Vexp700E+02_Vemit600E+02_tauD000E+00_Vran800E+02
                      
 Start
 set_grid_done
 set_clumps_done
 Done
 TIME :   0.753119587898254       sec
          50 %         126   3.64503219723701     
 	 100 %         105   6.50409641861916     
 Time :   6.69835534691811     
 data_15_16_2_100/N_atom320E+15_Vexp700E+02_Vemit600E+02_tauD000E+00_Vran800E+02
                      
 Start
 set_grid_done
 set_clumps_done
 Done
 TIME :   0.753487631678581       sec
          50 %           5   3.67676417529583     
 	 100 %         148   6.55733905732632     
 Time :   6.75356079638004     
 data_15_16_2_100/N_atom500E+15_Vexp700E+02_Vemit600E+02_tauD000E+00_Vran800E+02
                      
 Start
 set_grid_done
 set_clumps_done
 Done
 TIME :   0.745581820607185       sec
          50 %          96   3.92346724867821     
 	 100 %         144   7.04838670790195     
 Time :   7.24635247886181     
 data_15_16_2_100/N_atom790E+15_Vexp700E+02_Vemit600E+02_tauD000E+00_Vran800E+02
                      
 Start
 set_grid_done
 set_clumps_done
 Done
 TIME :   0.745942994952202       sec
          50 %         123   4.35211466252804     
 	 100 %          79   7.91647899150848     
 Time :   8.11304791271687     
 data_15_16_2_100/N_atom130E+16_Vexp700E+02_Vemit600E+02_tauD000E+00_Vran800E+02
                      
 Start
 set_grid_done
 set_clumps_done
 Done
 TIME :   0.745843976736069       sec
          50 %          67   4.95067289471626     
 	 100 %         120   9.11556920409203     
 Time :   9.31216591596603     
 data_15_16_2_100/N_atom200E+16_Vexp700E+02_Vemit600E+02_tauD000E+00_Vran800E+02
                      
 Start
 set_grid_done
 set_clumps_done
 Done
 TIME :   0.746407836675644       sec
          50 %          23   5.54000295698643     
 	 100 %         110   10.3042302280664     
 Time :   10.5040328055620     
 data_15_16_2_100/N_atom320E+16_Vexp700E+02_Vemit600E+02_tauD000E+00_Vran800E+02
                      
 Start
 set_grid_done
 set_clumps_done
 Done
 TIME :   0.746217250823975       sec
          50 %         146   6.25926820933819     
 	 100 %          37   11.7268074303865     
 Time :   11.9232108592987     
 data_15_16_2_100/N_atom500E+16_Vexp700E+02_Vemit600E+02_tauD000E+00_Vran800E+02
                      
 Start
 set_grid_done
 set_clumps_done
 Done
 TIME :   0.746941298246384       sec
          50 %          21   7.11143168807030     
 	 100 %          63   13.4084543734789     
 Time :   13.6064938008785     
 data_15_16_2_100/N_atom790E+16_Vexp700E+02_Vemit600E+02_tauD000E+00_Vran800E+02
                      
 Start
 set_grid_done
 set_clumps_done
 Done
 TIME :   0.747260123491287       sec
          50 %         134   8.17809149622917     
 	 100 %         118   15.5522660315037     
 Time :   15.7500657439232     
 data_15_16_2_100/N_atom130E+15_Vexp800E+02_Vemit600E+02_tauD000E+00_Vran800E+02
                      
 Start
 set_grid_done
 set_clumps_done
 Done
 TIME :   0.779272824525833       sec
          50 %         151   3.66170956194401     
 	 100 %         159   6.51925691962242     
 Time :   6.71444407105446     
 data_15_16_2_100/N_atom200E+15_Vexp800E+02_Vemit600E+02_tauD000E+00_Vran800E+02
                      
 Start
 set_grid_done
 set_clumps_done
 Done
 TIME :   0.752582937479019       sec
          50 %         137   3.64045406877995     
 	 100 %          46   6.49767090380192     
 Time :   6.69253741204739     
 data_15_16_2_100/N_atom320E+15_Vexp800E+02_Vemit600E+02_tauD000E+00_Vran800E+02
                      
 Start
 set_grid_done
 set_clumps_done
 Done
 TIME :   0.752887651324272       sec
          50 %          53   3.66225187480450     
 	 100 %          60   6.52532921731472     
 Time :   6.72355970740318     
 data_15_16_2_100/N_atom500E+15_Vexp800E+02_Vemit600E+02_tauD000E+00_Vran800E+02
                      
 Start
 set_grid_done
 set_clumps_done
 Done
 TIME :   0.745698466897011       sec
          50 %          36   3.86460489034653     
 	 100 %          85   6.93904964625835     
 Time :   7.13312016427517     
 data_15_16_2_100/N_atom790E+15_Vexp800E+02_Vemit600E+02_tauD000E+00_Vran800E+02
                      
 Start
 set_grid_done
 set_clumps_done
 Done
 TIME :   0.747176334261894       sec
          50 %          89   4.27531234920025     
 	 100 %         119   7.76078128814697     
 Time :   7.95748113095760     
 data_15_16_2_100/N_atom130E+16_Vexp800E+02_Vemit600E+02_tauD000E+00_Vran800E+02
                      
 Start
 set_grid_done
 set_clumps_done
 Done
 TIME :   0.747374877333641       sec
          50 %          15   4.83991862833500     
 	 100 %         134   8.89334084093571     
 Time :   9.09009155631065     
 data_15_16_2_100/N_atom200E+16_Vexp800E+02_Vemit600E+02_tauD000E+00_Vran800E+02
                      
 Start
 set_grid_done
 set_clumps_done
 Done
 TIME :   0.801706954836845       sec
          50 %         158   5.44082695245743     
 	 100 %          75   10.0332513004541     
 Time :   10.2323741465807     
 data_15_16_2_100/N_atom320E+16_Vexp800E+02_Vemit600E+02_tauD000E+00_Vran800E+02
                      
 Start
 set_grid_done
 set_clumps_done
 Done
 TIME :   0.747461780905724       sec
          50 %          53   6.04704004526138     
 	 100 %         118   11.3084184229374     
 Time :   11.5032006353140     
 data_15_16_2_100/N_atom500E+16_Vexp800E+02_Vemit600E+02_tauD000E+00_Vran800E+02
                      
 Start
 set_grid_done
 set_clumps_done
 Done
 TIME :   0.744807153940201       sec
          50 %          63   6.79689621925354     
 	 100 %          61   12.8191452771425     
 Time :   13.0153867155313     
 data_15_16_2_100/N_atom790E+16_Vexp800E+02_Vemit600E+02_tauD000E+00_Vran800E+02
                      
 Start
 set_grid_done
 set_clumps_done
 Done
 TIME :   0.745224744081497       sec
          50 %          58   7.78477749228477     
 	 100 %          94   14.7907794415951     
 Time :   14.9899854660034     
 data_15_16_2_100/N_atom130E+15_Vexp900E+02_Vemit600E+02_tauD000E+00_Vran800E+02
                      
 Start
 set_grid_done
 set_clumps_done
 Done
 TIME :   0.778319612145424       sec
          50 %         123   3.65239420533180     
 	 100 %         118   6.50652107596397     
 Time :   6.70295867323875     
 data_15_16_2_100/N_atom200E+15_Vexp900E+02_Vemit600E+02_tauD000E+00_Vran800E+02
                      
 Start
 set_grid_done
 set_clumps_done
 Done
 TIME :   0.752520903944969       sec
          50 %          66   3.63508076965809     
 	 100 %          78   6.48529598116875     
 Time :   6.67789264023304     
 data_15_16_2_100/N_atom320E+15_Vexp900E+02_Vemit600E+02_tauD000E+00_Vran800E+02
                      
 Start
 set_grid_done
 set_clumps_done
 Done
 TIME :   0.752493128180504       sec
          50 %          45   3.65609973669052     
 	 100 %         103   6.51630777120590     
 Time :   6.70982392132282     
 data_15_16_2_100/N_atom500E+15_Vexp900E+02_Vemit600E+02_tauD000E+00_Vran800E+02
                      
 Start
 set_grid_done
 set_clumps_done
 Done
 TIME :   0.745182499289513       sec
          50 %          77   3.81566752493382     
 	 100 %         158   6.85119032859802     
 Time :   7.04800073802471     
 data_15_16_2_100/N_atom790E+15_Vexp900E+02_Vemit600E+02_tauD000E+00_Vran800E+02
                      
 Start
 set_grid_done
 set_clumps_done
 Done
 TIME :   0.746784791350365       sec
          50 %          54   4.19422911107540     
 	 100 %         121   7.60044141113758     
 Time :   7.79784081876278     
 data_15_16_2_100/N_atom130E+16_Vexp900E+02_Vemit600E+02_tauD000E+00_Vran800E+02
                      
 Start
 set_grid_done
 set_clumps_done
 Done
 TIME :   0.744380474090576       sec
          50 %          93   4.70976456999779     
 	 100 %         100   8.64594104886055     
 Time :   8.84315317869186     
 data_15_16_2_100/N_atom200E+16_Vexp900E+02_Vemit600E+02_tauD000E+00_Vran800E+02
                      
 Start
 set_grid_done
 set_clumps_done
 Done
 TIME :   0.745546102523804       sec
          50 %         128   5.21743668615818     
 	 100 %         152   9.64755176007748     
 Time :   9.84711989760399     
 data_15_16_2_100/N_atom320E+16_Vexp900E+02_Vemit600E+02_tauD000E+00_Vran800E+02
                      
 Start
 set_grid_done
 set_clumps_done
 Done
 TIME :   0.745399057865143       sec
          50 %         149   5.84014359116554     
 	 100 %          59   10.8926914632320     
 Time :   11.0969827622175     
 data_15_16_2_100/N_atom500E+16_Vexp900E+02_Vemit600E+02_tauD000E+00_Vran800E+02
                      
 Start
 set_grid_done
 set_clumps_done
 Done
 TIME :   0.744037345051765       sec
          50 %          22   6.51426661014557     
 	 100 %         135   12.2301120609045     
 Time :   12.4276038408279     
 data_15_16_2_100/N_atom790E+16_Vexp900E+02_Vemit600E+02_tauD000E+00_Vran800E+02
                      
 Start
 set_grid_done
 set_clumps_done
 Done
 TIME :   0.743756160140038       sec
          50 %         120   7.42325179278851     
 	 100 %          66   14.0530989915133     
 Time :   14.2559389621019     
 data_15_16_2_100/N_atom130E+15_Vexp100E+03_Vemit600E+02_tauD000E+00_Vran800E+02
                      
 Start
 set_grid_done
 set_clumps_done
 Done
 TIME :   0.775363832712173       sec
          50 %         105   3.64689365029335     
 	 100 %          31   6.49708695709705     
 Time :   6.69479919970036     
 data_15_16_2_100/N_atom200E+15_Vexp100E+03_Vemit600E+02_tauD000E+00_Vran800E+02
                      
 Start
 set_grid_done
 set_clumps_done
 Done
 TIME :   0.751483723521233       sec
          50 %          98   3.63782091438770     
 	 100 %          31   6.49255071580410     
 Time :   6.68912401795387     
 data_15_16_2_100/N_atom320E+15_Vexp100E+03_Vemit600E+02_tauD000E+00_Vran800E+02
                      
 Start
 set_grid_done
 set_clumps_done
 Done
 TIME :   0.751271113753319       sec
          50 %         132   3.64004972577095     
 	 100 %         113   6.49394266307354     
 Time :   6.68777906894684     
 data_15_16_2_100/N_atom500E+15_Vexp100E+03_Vemit600E+02_tauD000E+00_Vran800E+02
                      
 Start
 set_grid_done
 set_clumps_done
 Done
 TIME :   0.745718225836754       sec
          50 %         136   3.76905675232410     
 	 100 %          39   6.75286741554737     
 Time :   6.94780451059341     
 data_15_16_2_100/N_atom790E+15_Vexp100E+03_Vemit600E+02_tauD000E+00_Vran800E+02
                      
 Start
 set_grid_done
 set_clumps_done
 Done
 TIME :   0.743852064013481       sec
          50 %         145   4.11249174177647     
 	 100 %         122   7.43624919652939     
 Time :   7.63151329755783     
 data_15_16_2_100/N_atom130E+16_Vexp100E+03_Vemit600E+02_tauD000E+00_Vran800E+02
                      
 Start
 set_grid_done
 set_clumps_done
 Done
 TIME :   0.743007272481918       sec
          50 %          29   4.59908238053322     
 	 100 %          80   8.41555301845074     
 Time :   8.61232750117779     
 data_15_16_2_100/N_atom200E+16_Vexp100E+03_Vemit600E+02_tauD000E+00_Vran800E+02
                      
 Start
 set_grid_done
 set_clumps_done
 Done
 TIME :   0.746725469827652       sec
          50 %         143   5.14271816611290     
 	 100 %          59   9.42019252479076     
 Time :   9.61889976263046     
 data_15_16_2_100/N_atom320E+16_Vexp100E+03_Vemit600E+02_tauD000E+00_Vran800E+02
                      
 Start
 set_grid_done
 set_clumps_done
 Done
 TIME :   0.753976210951805       sec
